[-n*y + x*(n + 1), n*x + y*(-n + 1)]

[32_.py:97] n = 2
prod = [-n*(n*x + y*(-n + 1)) + (n + 1)*(-n*y + x*(n + 1)), n*(-n*y + x*(n + 1)) + (-n + 1)*(n*x + y*(-n + 1))]
prod[0] = '-n*(n*x + y*(-n + 1)) + (n + 1)*(-n*y + x*(n + 1))'
[32_.py:102] expand(prod[0]) => 2*n*x - 2*n*y + x

[32_.py:97] n = 3
prod = [-n*(n*(-n*y + x*(n + 1)) + (-n + 1)*(n*x + y*(-n + 1))) + (n + 1)*(-n*(n*x + y*(-n + 1)) + (n + 1)*(-n*y + x*(n + 1))), n*(-n*(n*x + y*(-n + 1)) + (n + 1)*(-n*y + x*(n + 1))) + (-n + 1)*(n*(-n*y + x*(n + 1)) + (-n + 1)*(n*x + y*(-n + 1)))]
prod[0] = '-n*(n*(-n*y + x*(n + 1)) + (-n + 1)*(n*x + y*(-n + 1))) + (n + 1)*(-n*(n*x + y*(-n + 1)) + (n + 1)*(-n*y + x*(n + 1)))'
[32_.py:102] expand(prod[0]) => 3*n*x - 3*n*y + x

[32_.py:97] n = 4
prod = [-n*(n*(-n*(n*x + y*(-n + 1)) + (n + 1)*(-n*y + x*(n + 1))) + (-n + 1)*(n*(-n*y + x*(n + 1)) + (-n + 1)*(n*x + y*(-n + 1)))) + (n + 1)*(-n*(n*(-n*y + x*(n + 1)) + (-n + 1)*(n*x + y*(-n + 1))) + (n + 1)*(-n*(n*x + y*(-n + 1)) + (n + 1)*(-n*y + x*(n + 1)))), n*(-n*(n*(-n*y + x*(n + 1)) + (-n + 1)*(n*x + y*(-n + 1))) + (n + 1)*(-n*(n*x + y*(-n + 1)) + (n + 1)*(-n*y + x*(n + 1)))) + (-n + 1)*(n*(-n*(n*x + y*(-n + 1)) + (n + 1)*(-n*y + x*(n + 1))) + (-n + 1)*(n*(-n*y + x*(n + 1)) + (-n + 1)*(n*x + y*(-n + 1))))]
prod[0] = '-n*(n*(-n*(n*x + y*(-n + 1)) + (n + 1)*(-n*y + x*(n + 1))) + (-n + 1)*(n*(-n*y + x*(n + 1)) + (-n + 1)*(n*x + y*(-n + 1)))) + (n + 1)*(-n*(n*(-n*y + x*(n + 1)) + (-n + 1)*(n*x + y*(-n + 1))) + (n + 1)*(-n*(n*x + y*(-n + 1)) + (n + 1)*(-n*y + x*(n + 1))))'
[32_.py:102] expand(prod[0]) => 4*n*x - 4*n*y + x

[32_.py:97] n = 5
prod = [-n*(n*(-n*(n*(-n*y + x*(n + 1)) + (-n + 1)*(n*x + y*(-n + 1))) + (n + 1)*(-n*(n*x + y*(-n + 1)) + (n + 1)*(-n*y + x*(n + 1)))) + (-n + 1)*(n*(-n*(n*x + y*(-n + 1)) + (n + 1)*(-n*y + x*(n + 1))) + (-n + 1)*(n*(-n*y + x*(n + 1)) + (-n + 1)*(n*x + y*(-n + 1))))) + (n + 1)*(-n*(n*(-n*(n*x + y*(-n + 1)) + (n + 1)*(-n*y + x*(n + 1))) + (-n + 1)*(n*(-n*y + x*(n + 1)) + (-n + 1)*(n*x + y*(-n + 1)))) + (n + 1)*(-n*(n*(-n*y + x*(n + 1)) + (-n + 1)*(n*x + y*(-n + 1))) + (n + 1)*(-n*(n*x + y*(-n + 1)) + (n + 1)*(-n*y + x*(n + 1))))), n*(-n*(n*(-n*(n*x + y*(-n + 1)) + (n + 1)*(-n*y + x*(n + 1))) + (-n + 1)*(n*(-n*y + x*(n + 1)) + (-n + 1)*(n*x + y*(-n + 1)))) + (n + 1)*(-n*(n*(-n*y + x*(n + 1)) + (-n + 1)*(n*x + y*(-n + 1))) + (n + 1)*(-n*(n*x + y*(-n + 1)) + (n + 1)*(-n*y + x*(n + 1))))) + (-n + 1)*(n*(-n*(n*(-n*y + x*(n + 1)) + (-n + 1)*(n*x + y*(-n + 1))) + (n + 1)*(-n*(n*x + y*(-n + 1)) + (n + 1)*(-n*y + x*(n + 1)))) + (-n + 1)*(n*(-n*(n*x + y*(-n + 1)) + (n + 1)*(-n*y + x*(n + 1))) + (-n + 1)*(n*(-n*y + x*(n + 1)) + (-n + 1)*(n*x + y*(-n + 1)))))]
prod[0] = '-n*(n*(-n*(n*(-n*y + x*(n + 1)) + (-n + 1)*(n*x + y*(-n + 1))) + (n + 1)*(-n*(n*x + y*(-n + 1)) + (n + 1)*(-n*y + x*(n + 1)))) + (-n + 1)*(n*(-n*(n*x + y*(-n + 1)) + (n + 1)*(-n*y + x*(n + 1))) + (-n + 1)*(n*(-n*y + x*(n + 1)) + (-n + 1)*(n*x + y*(-n + 1))))) + (n + 1)*(-n*(n*(-n*(n*x + y*(-n + 1)) + (n + 1)*(-n*y + x*(n + 1))) + (-n + 1)*(n*(-n*y + x*(n + 1)) + (-n + 1)*(n*x + y*(-n + 1)))) + (n + 1)*(-n*(n*(-n*y + x*(n + 1)) + (-n + 1)*(n*x + y*(-n + 1))) + (n + 1)*(-n*(n*x + y*(-n + 1)) + (n + 1)*(-n*y + x*(n + 1)))))'
[32_.py:102] expand(prod[0]) => 5*n*x - 5*n*y + x

[32_.py:97] n = 6
prod = [-n*(n*(-n*(n*(-n*(n*x + y*(-n + 1)) + (n + 1)*(-n*y + x*(n + 1))) + (-n + 1)*(n*(-n*y + x*(n + 1)) + (-n + 1)*(n*x + y*(-n + 1)))) + (n + 1)*(-n*(n*(-n*y + x*(n + 1)) + (-n + 1)*(n*x + y*(-n + 1))) + (n + 1)*(-n*(n*x + y*(-n + 1)) + (n + 1)*(-n*y + x*(n + 1))))) + (-n + 1)*(n*(-n*(n*(-n*y + x*(n + 1)) + (-n + 1)*(n*x + y*(-n + 1))) + (n + 1)*(-n*(n*x + y*(-n + 1)) + (n + 1)*(-n*y + x*(n + 1)))) + (-n + 1)*(n*(-n*(n*x + y*(-n + 1)) + (n + 1)*(-n*y + x*(n + 1))) + (-n + 1)*(n*(-n*y + x*(n + 1)) + (-n + 1)*(n*x + y*(-n + 1)))))) + (n + 1)*(-n*(n*(-n*(n*(-n*y + x*(n + 1)) + (-n + 1)*(n*x + y*(-n + 1))) + (n + 1)*(-n*(n*x + y*(-n + 1)) + (n + 1)*(-n*y + x*(n + 1)))) + (-n + 1)*(n*(-n*(n*x + y*(-n + 1)) + (n + 1)*(-n*y + x*(n + 1))) + (-n + 1)*(n*(-n*y + x*(n + 1)) + (-n + 1)*(n*x + y*(-n + 1))))) + (n + 1)*(-n*(n*(-n*(n*x + y*(-n + 1)) + (n + 1)*(-n*y + x*(n + 1))) + (-n + 1)*(n*(-n*y + x*(n + 1)) + (-n + 1)*(n*x + y*(-n + 1)))) + (n + 1)*(-n*(n*(-n*y + x*(n + 1)) + (-n + 1)*(n*x + y*(-n + 1))) + (n + 1)*(-n*(n*x + y*(-n + 1)) + (n + 1)*(-n*y + x*(n + 1)))))), n*(-n*(n*(-n*(n*(-n*y + x*(n + 1)) + (-n + 1)*(n*x + y*(-n + 1))) + (n + 1)*(-n*(n*x + y*(-n + 1)) + (n + 1)*(-n*y + x*(n + 1)))) + (-n + 1)*(n*(-n*(n*x + y*(-n + 1)) + (n + 1)*(-n*y + x*(n + 1))) + (-n + 1)*(n*(-n*y + x*(n + 1)) + (-n + 1)*(n*x + y*(-n + 1))))) + (n + 1)*(-n*(n*(-n*(n*x + y*(-n + 1)) + (n + 1)*(-n*y + x*(n + 1))) + (-n + 1)*(n*(-n*y + x*(n + 1)) + (-n + 1)*(n*x + y*(-n + 1)))) + (n + 1)*(-n*(n*(-n*y + x*(n + 1)) + (-n + 1)*(n*x + y*(-n + 1))) + (n + 1)*(-n*(n*x + y*(-n + 1)) + (n + 1)*(-n*y + x*(n + 1)))))) + (-n + 1)*(n*(-n*(n*(-n*(n*x + y*(-n + 1)) + (n + 1)*(-n*y + x*(n + 1))) + (-n + 1)*(n*(-n*y + x*(n + 1)) + (-n + 1)*(n*x + y*(-n + 1)))) + (n + 1)*(-n*(n*(-n*y + x*(n + 1)) + (-n + 1)*(n*x + y*(-n + 1))) + (n + 1)*(-n*(n*x + y*(-n + 1)) + (n + 1)*(-n*y + x*(n + 1))))) + (-n + 1)*(n*(-n*(n*(-n*y + x*(n + 1)) + (-n + 1)*(n*x + y*(-n + 1))) + (n + 1)*(-n*(n*x + y*(-n + 1)) + (n + 1)*(-n*y + x*(n + 1)))) + (-n + 1)*(n*(-n*(n*x + y*(-n + 1)) + (n + 1)*(-n*y + x*(n + 1))) + (-n + 1)*(n*(-n*y + x*(n + 1)) + (-n + 1)*(n*x + y*(-n + 1))))))]
prod[0] = '-n*(n*(-n*(n*(-n*(n*x + y*(-n + 1)) + (n + 1)*(-n*y + x*(n + 1))) + (-n + 1)*(n*(-n*y + x*(n + 1)) + (-n + 1)*(n*x + y*(-n + 1)))) + (n + 1)*(-n*(n*(-n*y + x*(n + 1)) + (-n + 1)*(n*x + y*(-n + 1))) + (n + 1)*(-n*(n*x + y*(-n + 1)) + (n + 1)*(-n*y + x*(n + 1))))) + (-n + 1)*(n*(-n*(n*(-n*y + x*(n + 1)) + (-n + 1)*(n*x + y*(-n + 1))) + (n + 1)*(-n*(n*x + y*(-n + 1)) + (n + 1)*(-n*y + x*(n + 1)))) + (-n + 1)*(n*(-n*(n*x + y*(-n + 1)) + (n + 1)*(-n*y + x*(n + 1))) + (-n + 1)*(n*(-n*y + x*(n + 1)) + (-n + 1)*(n*x + y*(-n + 1)))))) + (n + 1)*(-n*(n*(-n*(n*(-n*y + x*(n + 1)) + (-n + 1)*(n*x + y*(-n + 1))) + (n + 1)*(-n*(n*x + y*(-n + 1)) + (n + 1)*(-n*y + x*(n + 1)))) + (-n + 1)*(n*(-n*(n*x + y*(-n + 1)) + (n + 1)*(-n*y + x*(n + 1))) + (-n + 1)*(n*(-n*y + x*(n + 1)) + (-n + 1)*(n*x + y*(-n + 1))))) + (n + 1)*(-n*(n*(-n*(n*x + y*(-n + 1)) + (n + 1)*(-n*y + x*(n + 1))) + (-n + 1)*(n*(-n*y + x*(n + 1)) + (-n + 1)*(n*x + y*(-n + 1)))) + (n + 1)*(-n*(n*(-n*y + x*(n + 1)) + (-n + 1)*(n*x + y*(-n + 1))) + (n + 1)*(-n*(n*x + y*(-n + 1)) + (n + 1)*(-n*y + x*(n + 1))))))'
[32_.py:102] expand(prod[0]) => 6*n*x - 6*n*y + x

[32_.py:115] test_1 => done
[32_.py:181] exec_prog => done

[32_.py:194] all done
