[-n*y + x*(n + 1), n*x + y*(-n + 1)]
n*x - n*y + x
n*x - n*y + y

[32_.py:105] n = 2
expand(prod[0]) => 2*n*x - 2*n*y + x
expand(prod[1]) => 2*n*x - 2*n*y + y

[32_.py:105] n = 3
expand(prod[0]) => 3*n*x - 3*n*y + x
expand(prod[1]) => 3*n*x - 3*n*y + y

[32_.py:105] n = 4
expand(prod[0]) => 4*n*x - 4*n*y + x
expand(prod[1]) => 4*n*x - 4*n*y + y

[32_.py:105] n = 5
expand(prod[0]) => 5*n*x - 5*n*y + x
expand(prod[1]) => 5*n*x - 5*n*y + y

[32_.py:105] n = 6
expand(prod[0]) => 6*n*x - 6*n*y + x
expand(prod[1]) => 6*n*x - 6*n*y + y

[32_.py:123] test_1 => done
[32_.py:189] exec_prog => done

[32_.py:202] all done
