Set-ExecutionPolicy : Windows PowerShell により実行ポリシーは正常に更新されまし
たが、設定は範囲がより明確に定義されたポリシーで上書きされました。この上書きに
より、シェルで現在有効な実行ポリシー "Bypass" が保持されます。実行ポリシーの設
定を表示するには、「Get-ExecutionPolicy -List」と入力してください。詳細について
は、"Get-Help Set-ExecutionPolicy" を参照してください。
発生場所 C:\WORKS_2\Programs\freeware\ESI\OpenFOAM\v1712\Windows\Scripts\of_ins
tall_image.ps1:34 文字:20
+ Set-ExecutionPolicy <<<<  Unrestricted -Scope CurrentUser
    + CategoryInfo          : PermissionDenied: (:) [Set-ExecutionPolicy]、Secu
    rityException
    + FullyQualifiedErrorId : ExecutionPolicyOverride,Microsoft.PowerShell.Com
   mands.SetExecutionPolicyCommand
Num Args: 2
of_v1712_centos73_win.tar
C:\Program Files\Docker Toolbox\;C:\WORKS_2\Programs\Git_2.14.1\bin
Docker machine "default" does not exist. Use "docker-machine ls" to list machine
s. Use "docker-machine create" to add a new one.
Creating CA: C:\Users\iwabuchiken\.docker\machine\certs\ca.pem
Creating client certificate: C:\Users\iwabuchiken\.docker\machine\certs\cert.pem

Running pre-create checks...
(default) Default Boot2Docker ISO is out-of-date, downloading the latest release
...
(default) Latest release for github.com/boot2docker/boot2docker is v18.03.0-ce
(default) Downloading C:\Users\iwabuchiken\.docker\machine\cache\boot2docker.iso
 from https://github.com/boot2docker/boot2docker/releases/download/v18.03.0-ce/b
oot2docker.iso...
(default) 0%....10%....20%....30%....40%....50%....60%....70%....80%....90%....1
00%
Creating machine...
(default) Copying C:\Users\iwabuchiken\.docker\machine\cache\boot2docker.iso to
C:\Users\iwabuchiken\.docker\machine\machines\default\boot2docker.iso...
(default) Creating VirtualBox VM...
(default) Creating SSH key...
(default) Starting the VM...
(default) Check network to re-create if needed...
(default) Windows might ask for the permission to create a network adapter. Some
times, such confirmation window is minimized in the taskbar.
(default) Found a new host-only adapter: "VirtualBox Host-Only Ethernet Adapter
#2"
(default) Windows might ask for the permission to configure a network adapter. S
ometimes, such confirmation window is minimized in the taskbar.
(default) Windows might ask for the permission to configure a dhcp server. Somet
imes, such confirmation window is minimized in the taskbar.
(default) Waiting for an IP...
Waiting for machine to be running, this may take a few minutes...
Detecting operating system of created instance...
Waiting for SSH to be available...
Detecting the provisioner...
Provisioning with boot2docker...
Copying certs to the local machine directory...
Copying certs to the remote machine...
Setting Docker configuration on the remote daemon...
Checking connection to Docker...
Docker is up and running!
To see how to connect your Docker Client to the Docker Engine running on this vi
rtual machine, run: C:\Program Files\Docker Toolbox\docker-machine.exe env defau
lt
Starting "default"...
Machine "default" is already running.

