[..\libs\libfx.py:213] file => opened : ../data/49_11_file-io.USDJPY.Period-H1.Days-720.Bars-17280.20171231_233725.csv
[..\libs\libfx.py:222] skip headers => 2 lines
[..\libs\libfx.py:314] file => closed : ../data/49_11_file-io.USDJPY.Period-H1.Days-720.Bars-17280.20171231_233725.csv

[82_6.py:85] CSV rows => 722

[82_6.py:88] row[0] => ['Pair=USDJPY', 'Period=H1', 'Days=720', 'Shift=1', 'Bars=17280', 'Time=20171231_233725']

[..\libs\libfx.py:343] len(result) => 720
[..\libs\libfx.py:406] len(aryOf_BarDatas) => 720

[libfx.py:1334] loop i : 0 ==================


[libfx.py:1382] diff: 0.000 / (rangeOf_Flat / 2.0) : 0.500

[libfx.py:1392] ary_Tmp => [<libs.libfx.BarData object at 0x0000000007F93A90>]


[libfx.py:1382] diff: -0.169 / (rangeOf_Flat / 2.0) : 0.500

[libfx.py:1392] ary_Tmp => [<libs.libfx.BarData object at 0x0000000007F93A90>, <libs.libfx.BarData object at 0x0000000007F93A58>]


[libfx.py:1404] diff > (rangeOf_Flat / 2.0) *********


[libfx.py:1442] flag_ALLIN => False ***************


[libfx.py:1334] loop i : 1 ==================


[libfx.py:1382] diff: 0.000 / (rangeOf_Flat / 2.0) : 0.500

[libfx.py:1392] ary_Tmp => [<libs.libfx.BarData object at 0x0000000007F93A58>]


[libfx.py:1404] diff > (rangeOf_Flat / 2.0) *********


[libfx.py:1442] flag_ALLIN => False ***************


[libfx.py:1334] loop i : 2 ==================


[libfx.py:1382] diff: 0.000 / (rangeOf_Flat / 2.0) : 0.500

[libfx.py:1392] ary_Tmp => [<libs.libfx.BarData object at 0x0000000007F93A20>]


[libfx.py:1404] diff > (rangeOf_Flat / 2.0) *********


[libfx.py:1442] flag_ALLIN => False ***************


[libfx.py:1334] loop i : 3 ==================


[libfx.py:1382] diff: 0.000 / (rangeOf_Flat / 2.0) : 0.500

[libfx.py:1392] ary_Tmp => [<libs.libfx.BarData object at 0x0000000007F939E8>]


[libfx.py:1404] diff > (rangeOf_Flat / 2.0) *********


[libfx.py:1442] flag_ALLIN => False ***************


[libfx.py:1334] loop i : 4 ==================


[libfx.py:1382] diff: 0.000 / (rangeOf_Flat / 2.0) : 0.500

[libfx.py:1392] ary_Tmp => [<libs.libfx.BarData object at 0x0000000007F939B0>]


[libfx.py:1382] diff: -0.298 / (rangeOf_Flat / 2.0) : 0.500

[libfx.py:1392] ary_Tmp => [<libs.libfx.BarData object at 0x0000000007F939B0>, <libs.libfx.BarData object at 0x0000000007F93978>]


[libfx.py:1404] diff > (rangeOf_Flat / 2.0) *********


[libfx.py:1442] flag_ALLIN => False ***************


[libfx.py:1334] loop i : 5 ==================


[libfx.py:1382] diff: 0.000 / (rangeOf_Flat / 2.0) : 0.500

[libfx.py:1392] ary_Tmp => [<libs.libfx.BarData object at 0x0000000007F93978>]


[libfx.py:1404] diff > (rangeOf_Flat / 2.0) *********


[libfx.py:1442] flag_ALLIN => False ***************


[libfx.py:1334] loop i : 6 ==================


[libfx.py:1382] diff: 0.000 / (rangeOf_Flat / 2.0) : 0.500

[libfx.py:1392] ary_Tmp => [<libs.libfx.BarData object at 0x0000000007F93940>]


[libfx.py:1404] diff > (rangeOf_Flat / 2.0) *********


[libfx.py:1442] flag_ALLIN => False ***************


[libfx.py:1334] loop i : 7 ==================


[libfx.py:1382] diff: 0.000 / (rangeOf_Flat / 2.0) : 0.500

[libfx.py:1392] ary_Tmp => [<libs.libfx.BarData object at 0x0000000007F93908>]


[libfx.py:1404] diff > (rangeOf_Flat / 2.0) *********


[libfx.py:1442] flag_ALLIN => False ***************


[libfx.py:1334] loop i : 8 ==================


[libfx.py:1382] diff: 0.000 / (rangeOf_Flat / 2.0) : 0.500

[libfx.py:1392] ary_Tmp => [<libs.libfx.BarData object at 0x0000000007F938D0>]


[libfx.py:1404] diff > (rangeOf_Flat / 2.0) *********


[libfx.py:1442] flag_ALLIN => False ***************


[libfx.py:1334] loop i : 9 ==================


[libfx.py:1342] debug breaking ...


[82_6.py:126] pattern matched => None

[82_6.py:134] exec_prog => done

[82_6.py:229] all done
