[..\libs\libfx.py:213] file => opened : ../data/49_11_file-io.USDJPY.Period-H1.Days-720.Bars-17280.20171231_233725.csv
[..\libs\libfx.py:222] skip headers => 2 lines
[..\libs\libfx.py:314] file => closed : ../data/49_11_file-io.USDJPY.Period-H1.Days-720.Bars-17280.20171231_233725.csv

[82_10.py:92] CSV rows => 722

[82_10.py:95] row[0] => ['Pair=USDJPY', 'Period=H1', 'Days=720', 'Shift=1', 'Bars=17280', 'Time=20171231_233725']

[..\libs\libfx.py:343] len(result) => 720
[..\libs\libfx.py:406] len(aryOf_BarDatas) => 720

[libfx.py:1487] volumeOf_Body => 0.250 | aryOf_UpDownPattern => [1, 1, 1, 0]


[libfx.py:1542] NOT match => 2017.12.30 06:00 ========= (diff = -0.007)


[libfx.py:1542] NOT match => 2017.12.30 05:00 ========= (diff = 0.028)


[libfx.py:1542] NOT match => 2017.12.30 04:00 ========= (diff = 0.013)


[libfx.py:1542] NOT match => 2017.12.30 03:00 ========= (diff = 0.063)


[libfx.py:1542] NOT match => 2017.12.30 02:00 ========= (diff = -0.106)


[libfx.py:1542] NOT match => 2017.12.30 01:00 ========= (diff = 0.056)


[libfx.py:1542] NOT match => 2017.12.30 00:00 ========= (diff = 0.126)


[libfx.py:1542] NOT match => 2017.12.29 23:00 ========= (diff = -0.057)


[libfx.py:1542] NOT match => 2017.12.29 22:00 ========= (diff = 0.005)


[libfx.py:1542] NOT match => 2017.12.29 21:00 ========= (diff = 0.039)


[libfx.py:1542] NOT match => 2017.12.29 20:00 ========= (diff = -0.016)


[libfx.py:1542] NOT match => 2017.12.29 19:00 ========= (diff = -0.072)


[libfx.py:1542] NOT match => 2017.12.29 18:00 ========= (diff = 0.026)


[libfx.py:1542] NOT match => 2017.12.29 17:00 ========= (diff = -0.078)


[libfx.py:1542] NOT match => 2017.12.29 16:00 ========= (diff = -0.004)


[libfx.py:1542] NOT match => 2017.12.29 15:00 ========= (diff = -0.039)


[libfx.py:1542] NOT match => 2017.12.29 14:00 ========= (diff = -0.044)


[libfx.py:1542] NOT match => 2017.12.29 13:00 ========= (diff = -0.025)


[libfx.py:1542] NOT match => 2017.12.29 12:00 ========= (diff = 0.031)


[libfx.py:1542] NOT match => 2017.12.29 11:00 ========= (diff = -0.009)


[libfx.py:1542] NOT match => 2017.12.29 10:00 ========= (diff = -0.154)


[libfx.py:1542] NOT match => 2017.12.29 09:00 ========= (diff = 0.010)


[libfx.py:1542] NOT match => 2017.12.29 08:00 ========= (diff = -0.003)


[libfx.py:1542] NOT match => 2017.12.29 07:00 ========= (diff = 0.024)


[libfx.py:1542] NOT match => 2017.12.29 06:00 ========= (diff = -0.036)


[libfx.py:1542] NOT match => 2017.12.29 05:00 ========= (diff = 0.035)


[libfx.py:1542] NOT match => 2017.12.29 04:00 ========= (diff = 0.007)


[libfx.py:1542] NOT match => 2017.12.29 03:00 ========= (diff = -0.001)


[libfx.py:1542] NOT match => 2017.12.29 02:00 ========= (diff = 0.009)


[libfx.py:1542] NOT match => 2017.12.29 01:00 ========= (diff = -0.030)


[libfx.py:1542] NOT match => 2017.12.29 00:00 ========= (diff = 0.035)


[libfx.py:1542] NOT match => 2017.12.28 23:00 ========= (diff = 0.001)


[libfx.py:1542] NOT match => 2017.12.28 22:00 ========= (diff = -0.002)


[libfx.py:1542] NOT match => 2017.12.28 21:00 ========= (diff = 0.001)


[libfx.py:1542] NOT match => 2017.12.28 20:00 ========= (diff = -0.023)


[libfx.py:1542] NOT match => 2017.12.28 19:00 ========= (diff = -0.018)


[libfx.py:1542] NOT match => 2017.12.28 18:00 ========= (diff = 0.112)


[libfx.py:1542] NOT match => 2017.12.28 17:00 ========= (diff = 0.053)


[libfx.py:1542] NOT match => 2017.12.28 16:00 ========= (diff = -0.076)


[libfx.py:1542] NOT match => 2017.12.28 15:00 ========= (diff = 0.022)


[libfx.py:1542] NOT match => 2017.12.28 14:00 ========= (diff = -0.222)


[libfx.py:1542] NOT match => 2017.12.28 13:00 ========= (diff = -0.156)


[libfx.py:1542] NOT match => 2017.12.28 12:00 ========= (diff = 0.003)


[libfx.py:1542] NOT match => 2017.12.28 11:00 ========= (diff = -0.073)


[libfx.py:1542] NOT match => 2017.12.28 10:00 ========= (diff = -0.009)


[libfx.py:1542] NOT match => 2017.12.28 09:00 ========= (diff = 0.015)


[libfx.py:1542] NOT match => 2017.12.28 08:00 ========= (diff = -0.015)


[libfx.py:1542] NOT match => 2017.12.28 07:00 ========= (diff = 0.042)


[libfx.py:1542] NOT match => 2017.12.28 06:00 ========= (diff = 0.054)


[libfx.py:1542] NOT match => 2017.12.28 05:00 ========= (diff = 0.025)


[libfx.py:1542] NOT match => 2017.12.28 04:00 ========= (diff = -0.021)


[libfx.py:1542] NOT match => 2017.12.28 03:00 ========= (diff = -0.042)


[libfx.py:1542] NOT match => 2017.12.28 02:00 ========= (diff = 0.022)


[libfx.py:1542] NOT match => 2017.12.28 01:00 ========= (diff = 0.009)


[libfx.py:1542] NOT match => 2017.12.28 00:00 ========= (diff = -0.031)


[libfx.py:1542] NOT match => 2017.12.27 23:00 ========= (diff = 0.101)


[libfx.py:1542] NOT match => 2017.12.27 22:00 ========= (diff = -0.011)


[libfx.py:1542] NOT match => 2017.12.27 21:00 ========= (diff = -0.016)


[libfx.py:1542] NOT match => 2017.12.27 20:00 ========= (diff = -0.019)


[libfx.py:1542] NOT match => 2017.12.27 19:00 ========= (diff = 0.086)


[libfx.py:1542] NOT match => 2017.12.27 18:00 ========= (diff = -0.011)


[libfx.py:1542] NOT match => 2017.12.27 17:00 ========= (diff = 0.003)


[libfx.py:1542] NOT match => 2017.12.27 16:00 ========= (diff = -0.013)


[libfx.py:1542] NOT match => 2017.12.27 15:00 ========= (diff = -0.001)


[libfx.py:1542] NOT match => 2017.12.27 14:00 ========= (diff = -0.011)


[libfx.py:1542] NOT match => 2017.12.27 13:00 ========= (diff = -0.047)


[libfx.py:1542] NOT match => 2017.12.27 12:00 ========= (diff = -0.002)


[libfx.py:1542] NOT match => 2017.12.27 11:00 ========= (diff = -0.053)


[libfx.py:1542] NOT match => 2017.12.27 10:00 ========= (diff = 0.008)


[libfx.py:1542] NOT match => 2017.12.27 09:00 ========= (diff = 0.091)


[libfx.py:1542] NOT match => 2017.12.27 08:00 ========= (diff = 0.019)


[libfx.py:1542] NOT match => 2017.12.27 07:00 ========= (diff = -0.004)


[libfx.py:1542] NOT match => 2017.12.27 06:00 ========= (diff = 0.058)


[libfx.py:1542] NOT match => 2017.12.27 05:00 ========= (diff = -0.005)


[libfx.py:1542] NOT match => 2017.12.27 04:00 ========= (diff = 0.039)


[libfx.py:1542] NOT match => 2017.12.27 03:00 ========= (diff = -0.051)


[libfx.py:1542] NOT match => 2017.12.27 02:00 ========= (diff = -0.009)


[libfx.py:1542] NOT match => 2017.12.27 01:00 ========= (diff = -0.026)


[libfx.py:1542] NOT match => 2017.12.27 00:00 ========= (diff = -0.013)


[libfx.py:1542] NOT match => 2017.12.26 23:00 ========= (diff = -0.033)


[libfx.py:1542] NOT match => 2017.12.26 22:00 ========= (diff = -0.032)


[libfx.py:1542] NOT match => 2017.12.26 21:00 ========= (diff = -0.008)


[libfx.py:1542] NOT match => 2017.12.26 20:00 ========= (diff = 0.004)


[libfx.py:1542] NOT match => 2017.12.26 19:00 ========= (diff = -0.001)


[libfx.py:1542] NOT match => 2017.12.26 18:00 ========= (diff = 0.009)


[libfx.py:1542] NOT match => 2017.12.26 17:00 ========= (diff = -0.007)


[libfx.py:1542] NOT match => 2017.12.26 16:00 ========= (diff = -0.036)


[libfx.py:1542] NOT match => 2017.12.26 15:00 ========= (diff = 0.041)


[libfx.py:1542] NOT match => 2017.12.26 14:00 ========= (diff = -0.008)


[libfx.py:1542] NOT match => 2017.12.26 13:00 ========= (diff = 0.012)


[libfx.py:1542] NOT match => 2017.12.26 12:00 ========= (diff = -0.025)


[libfx.py:1542] NOT match => 2017.12.26 11:00 ========= (diff = -0.015)


[libfx.py:1542] NOT match => 2017.12.26 10:00 ========= (diff = -0.019)


[libfx.py:1542] NOT match => 2017.12.26 09:00 ========= (diff = 0.035)


[libfx.py:1542] NOT match => 2017.12.26 08:00 ========= (diff = 0.011)


[libfx.py:1542] NOT match => 2017.12.26 07:00 ========= (diff = 0.034)


[libfx.py:1542] NOT match => 2017.12.25 16:00 ========= (diff = -0.034)


[libfx.py:1542] NOT match => 2017.12.25 15:00 ========= (diff = -0.022)


[libfx.py:1542] NOT match => 2017.12.25 14:00 ========= (diff = -0.008)


[libfx.py:1542] NOT match => 2017.12.25 13:00 ========= (diff = 0.002)


[libfx.py:1542] NOT match => 2017.12.25 12:00 ========= (diff = 0.005)


[libfx.py:1542] NOT match => 2017.12.25 11:00 ========= (diff = -0.032)


[libfx.py:1542] NOT match => 2017.12.25 10:00 ========= (diff = 0.049)


[libfx.py:1542] NOT match => 2017.12.25 09:00 ========= (diff = -0.034)


[libfx.py:1542] NOT match => 2017.12.25 08:00 ========= (diff = 0.087)


[libfx.py:1542] NOT match => 2017.12.23 06:00 ========= (diff = 0.013)


[libfx.py:1542] NOT match => 2017.12.23 05:00 ========= (diff = -0.042)


[libfx.py:1542] NOT match => 2017.12.23 04:00 ========= (diff = 0.030)


[libfx.py:1542] NOT match => 2017.12.23 03:00 ========= (diff = 0.012)


[libfx.py:1542] NOT match => 2017.12.23 02:00 ========= (diff = -0.048)


[libfx.py:1542] NOT match => 2017.12.23 01:00 ========= (diff = -0.066)


[libfx.py:1542] NOT match => 2017.12.23 00:00 ========= (diff = -0.002)


[libfx.py:1542] NOT match => 2017.12.22 23:00 ========= (diff = -0.007)


[libfx.py:1542] NOT match => 2017.12.22 22:00 ========= (diff = 0.010)


[libfx.py:1542] NOT match => 2017.12.22 21:00 ========= (diff = 0.013)


[libfx.py:1542] NOT match => 2017.12.22 20:00 ========= (diff = -0.003)


[libfx.py:1542] NOT match => 2017.12.22 19:00 ========= (diff = 0.017)


[libfx.py:1542] NOT match => 2017.12.22 18:00 ========= (diff = -0.032)


[libfx.py:1542] NOT match => 2017.12.22 17:00 ========= (diff = -0.026)


[libfx.py:1542] NOT match => 2017.12.22 16:00 ========= (diff = 0.050)


[libfx.py:1542] NOT match => 2017.12.22 15:00 ========= (diff = 0.039)


[libfx.py:1542] NOT match => 2017.12.22 14:00 ========= (diff = 0.007)


[libfx.py:1542] NOT match => 2017.12.22 13:00 ========= (diff = -0.029)


[libfx.py:1542] NOT match => 2017.12.22 12:00 ========= (diff = 0.029)


[libfx.py:1542] NOT match => 2017.12.22 11:00 ========= (diff = 0.004)


[libfx.py:1542] NOT match => 2017.12.22 10:00 ========= (diff = -0.060)


[libfx.py:1542] NOT match => 2017.12.22 09:00 ========= (diff = 0.049)


[libfx.py:1542] NOT match => 2017.12.22 08:00 ========= (diff = -0.033)


[libfx.py:1542] NOT match => 2017.12.22 07:00 ========= (diff = 0.032)


[libfx.py:1542] NOT match => 2017.12.22 06:00 ========= (diff = 0.030)


[libfx.py:1542] NOT match => 2017.12.22 05:00 ========= (diff = -0.047)


[libfx.py:1542] NOT match => 2017.12.22 04:00 ========= (diff = -0.091)


[libfx.py:1542] NOT match => 2017.12.22 03:00 ========= (diff = -0.029)


[libfx.py:1542] NOT match => 2017.12.22 02:00 ========= (diff = 0.035)


[libfx.py:1542] NOT match => 2017.12.22 01:00 ========= (diff = -0.049)


[libfx.py:1542] NOT match => 2017.12.22 00:00 ========= (diff = 0.090)


[libfx.py:1542] NOT match => 2017.12.21 23:00 ========= (diff = -0.013)


[libfx.py:1542] NOT match => 2017.12.21 22:00 ========= (diff = -0.130)


[libfx.py:1542] NOT match => 2017.12.21 21:00 ========= (diff = -0.028)


[libfx.py:1542] NOT match => 2017.12.21 20:00 ========= (diff = 0.063)


[libfx.py:1542] NOT match => 2017.12.21 19:00 ========= (diff = -0.003)


[libfx.py:1542] NOT match => 2017.12.21 18:00 ========= (diff = -0.039)


[libfx.py:1542] NOT match => 2017.12.21 17:00 ========= (diff = -0.054)


[libfx.py:1542] NOT match => 2017.12.21 16:00 ========= (diff = 0.157)


[libfx.py:1542] NOT match => 2017.12.21 15:00 ========= (diff = 0.018)


[libfx.py:1542] NOT match => 2017.12.21 14:00 ========= (diff = 0.007)


[libfx.py:1542] NOT match => 2017.12.21 13:00 ========= (diff = -0.019)


[libfx.py:1542] NOT match => 2017.12.21 12:00 ========= (diff = -0.016)


[libfx.py:1542] NOT match => 2017.12.21 11:00 ========= (diff = 0.109)


[libfx.py:1542] NOT match => 2017.12.21 10:00 ========= (diff = 0.059)


[libfx.py:1542] NOT match => 2017.12.21 09:00 ========= (diff = 0.010)


[libfx.py:1542] NOT match => 2017.12.21 08:00 ========= (diff = -0.095)


[libfx.py:1542] NOT match => 2017.12.21 07:00 ========= (diff = -0.049)


[libfx.py:1542] NOT match => 2017.12.21 06:00 ========= (diff = -0.026)


[libfx.py:1542] NOT match => 2017.12.21 05:00 ========= (diff = -0.012)


[libfx.py:1542] NOT match => 2017.12.21 04:00 ========= (diff = 0.082)


[libfx.py:1542] NOT match => 2017.12.21 03:00 ========= (diff = 0.014)


[libfx.py:1542] NOT match => 2017.12.21 02:00 ========= (diff = 0.026)


[libfx.py:1542] NOT match => 2017.12.21 01:00 ========= (diff = 0.001)


[libfx.py:1542] NOT match => 2017.12.21 00:00 ========= (diff = 0.145)


[libfx.py:1542] NOT match => 2017.12.20 23:00 ========= (diff = -0.137)


[libfx.py:1542] NOT match => 2017.12.20 22:00 ========= (diff = 0.096)


[libfx.py:1542] NOT match => 2017.12.20 21:00 ========= (diff = 0.038)


[libfx.py:1542] NOT match => 2017.12.20 20:00 ========= (diff = -0.011)


[libfx.py:1542] NOT match => 2017.12.20 19:00 ========= (diff = 0.010)


[libfx.py:1542] NOT match => 2017.12.20 18:00 ========= (diff = 0.037)


[libfx.py:1542] NOT match => 2017.12.20 17:00 ========= (diff = -0.022)


[libfx.py:1542] NOT match => 2017.12.20 16:00 ========= (diff = 0.134)


[libfx.py:1542] NOT match => 2017.12.20 15:00 ========= (diff = 0.039)


[libfx.py:1542] NOT match => 2017.12.20 14:00 ========= (diff = -0.021)


[libfx.py:1542] NOT match => 2017.12.20 13:00 ========= (diff = 0.029)


[libfx.py:1542] NOT match => 2017.12.20 12:00 ========= (diff = 0.019)


[libfx.py:1542] NOT match => 2017.12.20 11:00 ========= (diff = 0.032)


[libfx.py:1542] NOT match => 2017.12.20 10:00 ========= (diff = -0.026)


[libfx.py:1542] NOT match => 2017.12.20 09:00 ========= (diff = -0.071)


[libfx.py:1542] NOT match => 2017.12.20 08:00 ========= (diff = 0.149)


[libfx.py:1542] NOT match => 2017.12.20 07:00 ========= (diff = -0.019)


[libfx.py:1542] NOT match => 2017.12.20 06:00 ========= (diff = 0.023)


[libfx.py:1542] NOT match => 2017.12.20 05:00 ========= (diff = -0.080)


[libfx.py:1542] NOT match => 2017.12.20 04:00 ========= (diff = -0.032)


[libfx.py:1542] NOT match => 2017.12.20 03:00 ========= (diff = -0.072)


[libfx.py:1542] NOT match => 2017.12.20 02:00 ========= (diff = 0.056)


[libfx.py:1542] NOT match => 2017.12.20 01:00 ========= (diff = -0.005)


[libfx.py:1542] NOT match => 2017.12.20 00:00 ========= (diff = 0.179)


[libfx.py:1542] NOT match => 2017.12.19 23:00 ========= (diff = 0.021)


[libfx.py:1542] NOT match => 2017.12.19 22:00 ========= (diff = 0.149)


[libfx.py:1542] NOT match => 2017.12.19 21:00 ========= (diff = 0.059)


[libfx.py:1542] NOT match => 2017.12.19 20:00 ========= (diff = -0.026)


[libfx.py:1542] NOT match => 2017.12.19 19:00 ========= (diff = -0.001)


[libfx.py:1542] NOT match => 2017.12.19 18:00 ========= (diff = 0.051)


[libfx.py:1542] NOT match => 2017.12.19 17:00 ========= (diff = 0.048)


[libfx.py:1542] NOT match => 2017.12.19 16:00 ========= (diff = -0.028)


[libfx.py:1542] NOT match => 2017.12.19 15:00 ========= (diff = -0.048)


[libfx.py:1542] NOT match => 2017.12.19 14:00 ========= (diff = -0.045)


[libfx.py:1542] NOT match => 2017.12.19 13:00 ========= (diff = 0.005)


[libfx.py:1542] NOT match => 2017.12.19 12:00 ========= (diff = 0.027)


[libfx.py:1542] NOT match => 2017.12.19 11:00 ========= (diff = -0.008)


[libfx.py:1542] NOT match => 2017.12.19 10:00 ========= (diff = 0.038)


[libfx.py:1542] NOT match => 2017.12.19 09:00 ========= (diff = -0.002)


[libfx.py:1542] NOT match => 2017.12.19 08:00 ========= (diff = 0.017)


[libfx.py:1542] NOT match => 2017.12.19 07:00 ========= (diff = 0.013)


[libfx.py:1542] NOT match => 2017.12.19 06:00 ========= (diff = -0.026)


[libfx.py:1542] NOT match => 2017.12.19 05:00 ========= (diff = 0.009)


[libfx.py:1542] NOT match => 2017.12.19 04:00 ========= (diff = 0.041)


[libfx.py:1542] NOT match => 2017.12.19 03:00 ========= (diff = 0.050)


[libfx.py:1542] NOT match => 2017.12.19 02:00 ========= (diff = 0.073)


[libfx.py:1542] NOT match => 2017.12.19 01:00 ========= (diff = 0.037)


[libfx.py:1542] NOT match => 2017.12.19 00:00 ========= (diff = -0.112)


[libfx.py:1542] NOT match => 2017.12.18 23:00 ========= (diff = -0.040)


[libfx.py:1542] NOT match => 2017.12.18 22:00 ========= (diff = 0.004)


[libfx.py:1542] NOT match => 2017.12.18 21:00 ========= (diff = -0.019)


[libfx.py:1542] NOT match => 2017.12.18 20:00 ========= (diff = -0.072)


[libfx.py:1542] NOT match => 2017.12.18 19:00 ========= (diff = -0.032)


[libfx.py:1542] NOT match => 2017.12.18 18:00 ========= (diff = -0.036)


[libfx.py:1542] NOT match => 2017.12.18 17:00 ========= (diff = 0.002)


[libfx.py:1542] NOT match => 2017.12.18 16:00 ========= (diff = 0.006)


[libfx.py:1542] NOT match => 2017.12.18 15:00 ========= (diff = 0.005)


[libfx.py:1542] NOT match => 2017.12.18 14:00 ========= (diff = -0.013)


[libfx.py:1542] NOT match => 2017.12.18 13:00 ========= (diff = -0.003)


[libfx.py:1542] NOT match => 2017.12.18 12:00 ========= (diff = 0.026)


[libfx.py:1542] NOT match => 2017.12.18 11:00 ========= (diff = 0.011)


[libfx.py:1542] NOT match => 2017.12.18 10:00 ========= (diff = -0.102)


[libfx.py:1542] NOT match => 2017.12.18 09:00 ========= (diff = 0.017)


[libfx.py:1542] NOT match => 2017.12.18 08:00 ========= (diff = 0.109)


[libfx.py:1542] NOT match => 2017.12.18 07:00 ========= (diff = -0.098)


[libfx.py:1542] NOT match => 2017.12.16 06:00 ========= (diff = 0.028)


[libfx.py:1542] NOT match => 2017.12.16 05:00 ========= (diff = -0.045)


[libfx.py:1542] NOT match => 2017.12.16 04:00 ========= (diff = -0.088)


[libfx.py:1542] NOT match => 2017.12.16 03:00 ========= (diff = 0.035)


[libfx.py:1542] NOT match => 2017.12.16 02:00 ========= (diff = 0.006)


[libfx.py:1542] NOT match => 2017.12.16 01:00 ========= (diff = 0.029)


[libfx.py:1542] NOT match => 2017.12.16 00:00 ========= (diff = 0.202)


[libfx.py:1542] NOT match => 2017.12.15 23:00 ========= (diff = 0.218)


[libfx.py:1542] NOT match => 2017.12.15 22:00 ========= (diff = 0.054)


[libfx.py:1542] NOT match => 2017.12.15 21:00 ========= (diff = -0.022)


[libfx.py:1542] NOT match => 2017.12.15 20:00 ========= (diff = 0.055)


[libfx.py:1542] NOT match => 2017.12.15 19:00 ========= (diff = -0.009)


[libfx.py:1542] NOT match => 2017.12.15 18:00 ========= (diff = -0.005)


[libfx.py:1542] NOT match => 2017.12.15 17:00 ========= (diff = 0.013)


[libfx.py:1542] NOT match => 2017.12.15 16:00 ========= (diff = -0.096)


[libfx.py:1542] NOT match => 2017.12.15 15:00 ========= (diff = -0.010)


[libfx.py:1542] NOT match => 2017.12.15 14:00 ========= (diff = -0.084)


[libfx.py:1542] NOT match => 2017.12.15 13:00 ========= (diff = 0.047)


[libfx.py:1542] NOT match => 2017.12.15 12:00 ========= (diff = 0.019)


[libfx.py:1542] NOT match => 2017.12.15 11:00 ========= (diff = 0.035)


[libfx.py:1542] NOT match => 2017.12.15 10:00 ========= (diff = -0.096)


[libfx.py:1542] NOT match => 2017.12.15 09:00 ========= (diff = -0.056)


[libfx.py:1542] NOT match => 2017.12.15 08:00 ========= (diff = 0.011)


[libfx.py:1542] NOT match => 2017.12.15 07:00 ========= (diff = 0.015)


[libfx.py:1542] NOT match => 2017.12.15 06:00 ========= (diff = 0.167)


[libfx.py:1542] NOT match => 2017.12.15 05:00 ========= (diff = 0.050)


[libfx.py:1542] NOT match => 2017.12.15 04:00 ========= (diff = -0.040)


[libfx.py:1542] NOT match => 2017.12.15 03:00 ========= (diff = -0.129)


[libfx.py:1542] NOT match => 2017.12.15 02:00 ========= (diff = -0.201)


[libfx.py:1542] NOT match => 2017.12.15 01:00 ========= (diff = -0.053)


[libfx.py:1542] NOT match => 2017.12.15 00:00 ========= (diff = -0.069)


[libfx.py:1542] NOT match => 2017.12.14 23:00 ========= (diff = -0.075)


[libfx.py:1542] NOT match => 2017.12.14 22:00 ========= (diff = 0.093)


[libfx.py:1542] NOT match => 2017.12.14 21:00 ========= (diff = 0.006)


[libfx.py:1542] NOT match => 2017.12.14 20:00 ========= (diff = -0.059)


[libfx.py:1542] NOT match => 2017.12.14 19:00 ========= (diff = -0.068)


[libfx.py:1542] NOT match => 2017.12.14 18:00 ========= (diff = -0.008)


[libfx.py:1542] NOT match => 2017.12.14 17:00 ========= (diff = 0.022)


[libfx.py:1542] NOT match => 2017.12.14 16:00 ========= (diff = 0.071)


[libfx.py:1542] NOT match => 2017.12.14 15:00 ========= (diff = 0.120)


[libfx.py:1542] NOT match => 2017.12.14 14:00 ========= (diff = -0.058)


[libfx.py:1542] NOT match => 2017.12.14 13:00 ========= (diff = 0.024)


[libfx.py:1542] NOT match => 2017.12.14 12:00 ========= (diff = -0.058)


[libfx.py:1542] NOT match => 2017.12.14 11:00 ========= (diff = 0.062)


[libfx.py:1542] NOT match => 2017.12.14 10:00 ========= (diff = -0.152)


[libfx.py:1542] NOT match => 2017.12.14 09:00 ========= (diff = -0.003)


[libfx.py:1542] NOT match => 2017.12.14 08:00 ========= (diff = 0.074)


[libfx.py:1542] NOT match => 2017.12.14 07:00 ========= (diff = 0.108)


[libfx.py:1542] NOT match => 2017.12.14 06:00 ========= (diff = 0.043)


[libfx.py:1542] NOT match => 2017.12.14 05:00 ========= (diff = -0.016)


[libfx.py:1542] NOT match => 2017.12.14 04:00 ========= (diff = -0.353)


[libfx.py:1542] NOT match => 2017.12.14 03:00 ========= (diff = -0.271)


[libfx.py:1542] NOT match => 2017.12.14 02:00 ========= (diff = -0.072)


[libfx.py:1542] NOT match => 2017.12.14 01:00 ========= (diff = 0.162)


[libfx.py:1542] NOT match => 2017.12.14 00:00 ========= (diff = -0.093)


[libfx.py:1542] NOT match => 2017.12.13 23:00 ========= (diff = 0.076)


[libfx.py:1542] NOT match => 2017.12.13 22:00 ========= (diff = -0.244)


[libfx.py:1542] NOT match => 2017.12.13 21:00 ========= (diff = -0.030)


[libfx.py:1542] NOT match => 2017.12.13 20:00 ========= (diff = -0.032)


[libfx.py:1542] NOT match => 2017.12.13 19:00 ========= (diff = -0.030)


[libfx.py:1542] NOT match => 2017.12.13 18:00 ========= (diff = 0.070)


[libfx.py:1542] NOT match => 2017.12.13 17:00 ========= (diff = -0.108)


[libfx.py:1542] NOT match => 2017.12.13 16:00 ========= (diff = 0.053)


[libfx.py:1542] NOT match => 2017.12.13 15:00 ========= (diff = 0.063)


[libfx.py:1542] NOT match => 2017.12.13 14:00 ========= (diff = -0.013)


[libfx.py:1542] NOT match => 2017.12.13 13:00 ========= (diff = 0.035)


[libfx.py:1542] NOT match => 2017.12.13 12:00 ========= (diff = -0.170)


[libfx.py:1542] NOT match => 2017.12.13 11:00 ========= (diff = -0.018)


[libfx.py:1542] NOT match => 2017.12.13 10:00 ========= (diff = 0.030)


[libfx.py:1542] NOT match => 2017.12.13 09:00 ========= (diff = -0.083)


[libfx.py:1542] NOT match => 2017.12.13 08:00 ========= (diff = -0.007)


[libfx.py:1542] NOT match => 2017.12.13 07:00 ========= (diff = 0.011)


[libfx.py:1542] NOT match => 2017.12.13 06:00 ========= (diff = 0.059)


[libfx.py:1542] NOT match => 2017.12.13 05:00 ========= (diff = -0.087)


[libfx.py:1542] NOT match => 2017.12.13 04:00 ========= (diff = 0.045)


[libfx.py:1542] NOT match => 2017.12.13 03:00 ========= (diff = -0.087)


[libfx.py:1542] NOT match => 2017.12.13 02:00 ========= (diff = 0.002)


[libfx.py:1542] NOT match => 2017.12.13 01:00 ========= (diff = -0.057)


[libfx.py:1542] NOT match => 2017.12.13 00:00 ========= (diff = 0.058)


[libfx.py:1542] NOT match => 2017.12.12 23:00 ========= (diff = 0.129)


[libfx.py:1542] NOT match => 2017.12.12 22:00 ========= (diff = 0.019)


[libfx.py:1542] NOT match => 2017.12.12 21:00 ========= (diff = 0.020)


[libfx.py:1542] NOT match => 2017.12.12 20:00 ========= (diff = -0.011)


[libfx.py:1542] NOT match => 2017.12.12 19:00 ========= (diff = 0.000)


[libfx.py:1542] NOT match => 2017.12.12 18:00 ========= (diff = 0.021)


[libfx.py:1542] NOT match => 2017.12.12 17:00 ========= (diff = -0.031)


[libfx.py:1542] NOT match => 2017.12.12 16:00 ========= (diff = 0.051)


[libfx.py:1542] NOT match => 2017.12.12 15:00 ========= (diff = -0.044)


[libfx.py:1542] NOT match => 2017.12.12 14:00 ========= (diff = -0.028)


[libfx.py:1542] NOT match => 2017.12.12 13:00 ========= (diff = -0.019)


[libfx.py:1542] NOT match => 2017.12.12 12:00 ========= (diff = 0.029)


[libfx.py:1542] NOT match => 2017.12.12 11:00 ========= (diff = 0.023)


[libfx.py:1542] NOT match => 2017.12.12 10:00 ========= (diff = -0.048)


[libfx.py:1542] NOT match => 2017.12.12 09:00 ========= (diff = -0.043)


[libfx.py:1542] NOT match => 2017.12.12 08:00 ========= (diff = 0.010)


[libfx.py:1542] NOT match => 2017.12.12 07:00 ========= (diff = 0.003)


[libfx.py:1542] NOT match => 2017.12.12 06:00 ========= (diff = 0.018)


[libfx.py:1542] NOT match => 2017.12.12 05:00 ========= (diff = 0.024)


[libfx.py:1542] NOT match => 2017.12.12 04:00 ========= (diff = 0.052)


[libfx.py:1542] NOT match => 2017.12.12 03:00 ========= (diff = 0.028)


[libfx.py:1542] NOT match => 2017.12.12 02:00 ========= (diff = 0.088)


[libfx.py:1542] NOT match => 2017.12.12 01:00 ========= (diff = -0.010)


[libfx.py:1542] NOT match => 2017.12.12 00:00 ========= (diff = -0.050)


[libfx.py:1542] NOT match => 2017.12.11 23:00 ========= (diff = 0.002)


[libfx.py:1542] NOT match => 2017.12.11 22:00 ========= (diff = 0.123)


[libfx.py:1542] NOT match => 2017.12.11 21:00 ========= (diff = -0.062)


[libfx.py:1542] NOT match => 2017.12.11 20:00 ========= (diff = -0.044)


[libfx.py:1542] NOT match => 2017.12.11 19:00 ========= (diff = 0.023)


[libfx.py:1542] NOT match => 2017.12.11 18:00 ========= (diff = -0.057)


[libfx.py:1542] NOT match => 2017.12.11 17:00 ========= (diff = -0.019)


[libfx.py:1542] NOT match => 2017.12.11 16:00 ========= (diff = -0.083)


[libfx.py:1542] NOT match => 2017.12.11 15:00 ========= (diff = -0.031)


[libfx.py:1542] NOT match => 2017.12.11 14:00 ========= (diff = -0.049)


[libfx.py:1542] NOT match => 2017.12.11 13:00 ========= (diff = 0.023)


[libfx.py:1542] NOT match => 2017.12.11 12:00 ========= (diff = -0.043)


[libfx.py:1542] NOT match => 2017.12.11 11:00 ========= (diff = 0.007)


[libfx.py:1542] NOT match => 2017.12.11 10:00 ========= (diff = -0.051)


[libfx.py:1542] NOT match => 2017.12.11 09:00 ========= (diff = 0.107)


[libfx.py:1542] NOT match => 2017.12.11 08:00 ========= (diff = -0.019)


[libfx.py:1542] NOT match => 2017.12.11 07:00 ========= (diff = 0.050)


[libfx.py:1542] NOT match => 2017.12.09 06:00 ========= (diff = -0.020)


[libfx.py:1542] NOT match => 2017.12.09 05:00 ========= (diff = -0.026)


[libfx.py:1542] NOT match => 2017.12.09 04:00 ========= (diff = -0.013)


[libfx.py:1542] NOT match => 2017.12.09 03:00 ========= (diff = 0.011)


[libfx.py:1542] NOT match => 2017.12.09 02:00 ========= (diff = -0.042)


[libfx.py:1542] NOT match => 2017.12.09 01:00 ========= (diff = 0.033)


[libfx.py:1542] NOT match => 2017.12.09 00:00 ========= (diff = 0.225)


[libfx.py:1542] NOT match => 2017.12.08 23:00 ========= (diff = -0.040)


[libfx.py:1542] NOT match => 2017.12.08 22:00 ========= (diff = -0.154)


[libfx.py:1542] NOT match => 2017.12.08 21:00 ========= (diff = -0.007)


[libfx.py:1542] NOT match => 2017.12.08 20:00 ========= (diff = -0.040)


[libfx.py:1542] NOT match => 2017.12.08 19:00 ========= (diff = -0.024)


[libfx.py:1542] NOT match => 2017.12.08 18:00 ========= (diff = 0.025)


[libfx.py:1542] NOT match => 2017.12.08 17:00 ========= (diff = 0.064)


[libfx.py:1542] NOT match => 2017.12.08 16:00 ========= (diff = 0.019)


[libfx.py:1542] NOT match => 2017.12.08 15:00 ========= (diff = 0.061)


[libfx.py:1542] NOT match => 2017.12.08 14:00 ========= (diff = 0.027)


[libfx.py:1542] NOT match => 2017.12.08 13:00 ========= (diff = 0.065)


[libfx.py:1542] NOT match => 2017.12.08 12:00 ========= (diff = -0.032)


[libfx.py:1542] NOT match => 2017.12.08 11:00 ========= (diff = -0.036)


[libfx.py:1542] NOT match => 2017.12.08 10:00 ========= (diff = 0.122)


[libfx.py:1542] NOT match => 2017.12.08 09:00 ========= (diff = 0.042)


[libfx.py:1542] NOT match => 2017.12.08 08:00 ========= (diff = 0.125)


[libfx.py:1542] NOT match => 2017.12.08 07:00 ========= (diff = -0.013)


[libfx.py:1542] NOT match => 2017.12.08 06:00 ========= (diff = 0.005)


[libfx.py:1542] NOT match => 2017.12.08 05:00 ========= (diff = -0.054)


[libfx.py:1564] MATCH => 2017.12.08 04:00 ################# (diff = 0.259)


[libfx.py:1542] NOT match => 2017.12.08 03:00 ========= (diff = 0.111)


[libfx.py:1542] NOT match => 2017.12.08 02:00 ========= (diff = 0.069)


[libfx.py:1542] NOT match => 2017.12.08 01:00 ========= (diff = -0.035)


[libfx.py:1542] NOT match => 2017.12.08 00:00 ========= (diff = 0.090)


[libfx.py:1542] NOT match => 2017.12.07 23:00 ========= (diff = 0.065)


[libfx.py:1542] NOT match => 2017.12.07 22:00 ========= (diff = -0.170)


[libfx.py:1542] NOT match => 2017.12.07 21:00 ========= (diff = 0.000)


[libfx.py:1542] NOT match => 2017.12.07 20:00 ========= (diff = 0.055)


[libfx.py:1542] NOT match => 2017.12.07 19:00 ========= (diff = 0.036)


[libfx.py:1542] NOT match => 2017.12.07 18:00 ========= (diff = -0.015)


[libfx.py:1542] NOT match => 2017.12.07 17:00 ========= (diff = 0.122)


[libfx.py:1542] NOT match => 2017.12.07 16:00 ========= (diff = -0.012)


[libfx.py:1542] NOT match => 2017.12.07 15:00 ========= (diff = 0.047)


[libfx.py:1542] NOT match => 2017.12.07 14:00 ========= (diff = 0.087)


[libfx.py:1542] NOT match => 2017.12.07 13:00 ========= (diff = 0.042)


[libfx.py:1542] NOT match => 2017.12.07 12:00 ========= (diff = -0.064)


[libfx.py:1542] NOT match => 2017.12.07 11:00 ========= (diff = -0.014)


[libfx.py:1542] NOT match => 2017.12.07 10:00 ========= (diff = -0.005)


[libfx.py:1542] NOT match => 2017.12.07 09:00 ========= (diff = 0.151)


[libfx.py:1542] NOT match => 2017.12.07 08:00 ========= (diff = 0.069)


[libfx.py:1542] NOT match => 2017.12.07 07:00 ========= (diff = -0.016)


[libfx.py:1542] NOT match => 2017.12.07 06:00 ========= (diff = 0.084)


[libfx.py:1542] NOT match => 2017.12.07 05:00 ========= (diff = -0.088)


[libfx.py:1542] NOT match => 2017.12.07 04:00 ========= (diff = 0.083)


[libfx.py:1542] NOT match => 2017.12.07 03:00 ========= (diff = -0.025)


[libfx.py:1542] NOT match => 2017.12.07 02:00 ========= (diff = -0.074)


[libfx.py:1542] NOT match => 2017.12.07 01:00 ========= (diff = 0.055)


[libfx.py:1542] NOT match => 2017.12.07 00:00 ========= (diff = -0.061)


[libfx.py:1542] NOT match => 2017.12.06 23:00 ========= (diff = 0.123)


[libfx.py:1542] NOT match => 2017.12.06 22:00 ========= (diff = 0.026)


[libfx.py:1542] NOT match => 2017.12.06 21:00 ========= (diff = -0.004)


[libfx.py:1542] NOT match => 2017.12.06 20:00 ========= (diff = 0.008)


[libfx.py:1542] NOT match => 2017.12.06 19:00 ========= (diff = 0.012)


[libfx.py:1542] NOT match => 2017.12.06 18:00 ========= (diff = -0.033)


[libfx.py:1542] NOT match => 2017.12.06 17:00 ========= (diff = 0.087)


[libfx.py:1542] NOT match => 2017.12.06 16:00 ========= (diff = -0.130)


[libfx.py:1542] NOT match => 2017.12.06 15:00 ========= (diff = 0.150)


[libfx.py:1542] NOT match => 2017.12.06 14:00 ========= (diff = -0.064)


[libfx.py:1542] NOT match => 2017.12.06 13:00 ========= (diff = -0.083)


[libfx.py:1542] NOT match => 2017.12.06 12:00 ========= (diff = 0.008)


[libfx.py:1542] NOT match => 2017.12.06 11:00 ========= (diff = -0.244)


[libfx.py:1542] NOT match => 2017.12.06 10:00 ========= (diff = 0.019)


[libfx.py:1542] NOT match => 2017.12.06 09:00 ========= (diff = -0.029)


[libfx.py:1542] NOT match => 2017.12.06 08:00 ========= (diff = -0.123)


[libfx.py:1542] NOT match => 2017.12.06 07:00 ========= (diff = -0.006)


[libfx.py:1542] NOT match => 2017.12.06 06:00 ========= (diff = 0.032)


[libfx.py:1542] NOT match => 2017.12.06 05:00 ========= (diff = -0.067)


[libfx.py:1542] NOT match => 2017.12.06 04:00 ========= (diff = -0.134)


[libfx.py:1542] NOT match => 2017.12.06 03:00 ========= (diff = 0.026)


[libfx.py:1542] NOT match => 2017.12.06 02:00 ========= (diff = -0.044)


[libfx.py:1542] NOT match => 2017.12.06 01:00 ========= (diff = -0.014)


[libfx.py:1542] NOT match => 2017.12.06 00:00 ========= (diff = 0.050)


[libfx.py:1542] NOT match => 2017.12.05 23:00 ========= (diff = 0.152)


[libfx.py:1542] NOT match => 2017.12.05 22:00 ========= (diff = -0.038)


[libfx.py:1542] NOT match => 2017.12.05 21:00 ========= (diff = 0.146)


[libfx.py:1542] NOT match => 2017.12.05 20:00 ========= (diff = 0.026)


[libfx.py:1542] NOT match => 2017.12.05 19:00 ========= (diff = -0.052)


[libfx.py:1542] NOT match => 2017.12.05 18:00 ========= (diff = -0.048)


[libfx.py:1542] NOT match => 2017.12.05 17:00 ========= (diff = -0.066)


[libfx.py:1542] NOT match => 2017.12.05 16:00 ========= (diff = -0.034)


[libfx.py:1542] NOT match => 2017.12.05 15:00 ========= (diff = 0.065)


[libfx.py:1542] NOT match => 2017.12.05 14:00 ========= (diff = 0.000)


[libfx.py:1542] NOT match => 2017.12.05 13:00 ========= (diff = 0.060)


[libfx.py:1542] NOT match => 2017.12.05 12:00 ========= (diff = 0.005)


[libfx.py:1542] NOT match => 2017.12.05 11:00 ========= (diff = 0.061)


[libfx.py:1542] NOT match => 2017.12.05 10:00 ========= (diff = 0.010)


[libfx.py:1542] NOT match => 2017.12.05 09:00 ========= (diff = -0.041)


[libfx.py:1542] NOT match => 2017.12.05 08:00 ========= (diff = 0.003)


[libfx.py:1542] NOT match => 2017.12.05 07:00 ========= (diff = 0.065)


[libfx.py:1542] NOT match => 2017.12.05 06:00 ========= (diff = -0.112)


[libfx.py:1542] NOT match => 2017.12.05 05:00 ========= (diff = -0.107)


[libfx.py:1542] NOT match => 2017.12.05 04:00 ========= (diff = -0.154)


[libfx.py:1542] NOT match => 2017.12.05 03:00 ========= (diff = -0.061)


[libfx.py:1542] NOT match => 2017.12.05 02:00 ========= (diff = 0.042)


[libfx.py:1542] NOT match => 2017.12.05 01:00 ========= (diff = 0.088)


[libfx.py:1542] NOT match => 2017.12.05 00:00 ========= (diff = -0.232)


[libfx.py:1542] NOT match => 2017.12.04 23:00 ========= (diff = -0.023)


[libfx.py:1542] NOT match => 2017.12.04 22:00 ========= (diff = 0.013)


[libfx.py:1542] NOT match => 2017.12.04 21:00 ========= (diff = 0.043)


[libfx.py:1542] NOT match => 2017.12.04 20:00 ========= (diff = -0.030)


[libfx.py:1542] NOT match => 2017.12.04 19:00 ========= (diff = 0.037)


[libfx.py:1542] NOT match => 2017.12.04 18:00 ========= (diff = 0.072)


[libfx.py:1542] NOT match => 2017.12.04 17:00 ========= (diff = -0.160)


[libfx.py:1542] NOT match => 2017.12.04 16:00 ========= (diff = 0.116)


[libfx.py:1542] NOT match => 2017.12.04 15:00 ========= (diff = 0.064)


[libfx.py:1542] NOT match => 2017.12.04 14:00 ========= (diff = 0.024)


[libfx.py:1542] NOT match => 2017.12.04 13:00 ========= (diff = 0.045)


[libfx.py:1542] NOT match => 2017.12.04 12:00 ========= (diff = -0.019)


[libfx.py:1542] NOT match => 2017.12.04 11:00 ========= (diff = 0.071)


[libfx.py:1542] NOT match => 2017.12.04 10:00 ========= (diff = -0.059)


[libfx.py:1542] NOT match => 2017.12.04 09:00 ========= (diff = -0.145)


[libfx.py:1542] NOT match => 2017.12.04 08:00 ========= (diff = 0.150)


[libfx.py:1542] NOT match => 2017.12.04 07:00 ========= (diff = 0.009)


[libfx.py:1542] NOT match => 2017.12.02 06:00 ========= (diff = 0.067)


[libfx.py:1542] NOT match => 2017.12.02 05:00 ========= (diff = 0.068)


[libfx.py:1542] NOT match => 2017.12.02 04:00 ========= (diff = -0.122)


[libfx.py:1542] NOT match => 2017.12.02 03:00 ========= (diff = 0.159)


[libfx.py:1542] NOT match => 2017.12.02 02:00 ========= (diff = 0.163)


[libfx.py:1542] NOT match => 2017.12.02 01:00 ========= (diff = -0.943)


[libfx.py:1542] NOT match => 2017.12.02 00:00 ========= (diff = 0.095)


[libfx.py:1542] NOT match => 2017.12.01 23:00 ========= (diff = -0.050)


[libfx.py:1564] MATCH => 2017.12.01 22:00 ################# (diff = 0.373)


[libfx.py:1542] NOT match => 2017.12.01 21:00 ========= (diff = 0.015)


[libfx.py:1542] NOT match => 2017.12.01 20:00 ========= (diff = 0.011)


[libfx.py:1542] NOT match => 2017.12.01 19:00 ========= (diff = -0.102)


[libfx.py:1542] NOT match => 2017.12.01 18:00 ========= (diff = 0.020)


[libfx.py:1542] NOT match => 2017.12.01 17:00 ========= (diff = -0.190)


[libfx.py:1542] NOT match => 2017.12.01 16:00 ========= (diff = -0.003)


[libfx.py:1542] NOT match => 2017.12.01 15:00 ========= (diff = 0.071)


[libfx.py:1542] NOT match => 2017.12.01 14:00 ========= (diff = -0.070)


[libfx.py:1542] NOT match => 2017.12.01 13:00 ========= (diff = 0.098)


[libfx.py:1542] NOT match => 2017.12.01 12:00 ========= (diff = -0.010)


[libfx.py:1542] NOT match => 2017.12.01 11:00 ========= (diff = 0.133)


[libfx.py:1542] NOT match => 2017.12.01 10:00 ========= (diff = -0.012)


[libfx.py:1542] NOT match => 2017.12.01 09:00 ========= (diff = -0.182)


[libfx.py:1542] NOT match => 2017.12.01 08:00 ========= (diff = -0.083)


[libfx.py:1542] NOT match => 2017.12.01 07:00 ========= (diff = 0.119)


[libfx.py:1542] NOT match => 2017.12.01 06:00 ========= (diff = 0.012)


[libfx.py:1542] NOT match => 2017.12.01 05:00 ========= (diff = -0.003)


[libfx.py:1542] NOT match => 2017.12.01 04:00 ========= (diff = -0.025)


[libfx.py:1542] NOT match => 2017.12.01 03:00 ========= (diff = 0.040)


[libfx.py:1542] NOT match => 2017.12.01 02:00 ========= (diff = 0.219)


[libfx.py:1564] MATCH => 2017.12.01 01:00 ################# (diff = 0.395)


[libfx.py:1542] NOT match => 2017.12.01 00:00 ========= (diff = -0.052)


[libfx.py:1542] NOT match => 2017.11.30 23:00 ========= (diff = -0.319)


[libfx.py:1542] NOT match => 2017.11.30 22:00 ========= (diff = -0.040)


[libfx.py:1542] NOT match => 2017.11.30 21:00 ========= (diff = -0.022)


[libfx.py:1542] NOT match => 2017.11.30 20:00 ========= (diff = -0.042)


[libfx.py:1542] NOT match => 2017.11.30 19:00 ========= (diff = 0.034)


[libfx.py:1542] NOT match => 2017.11.30 18:00 ========= (diff = -0.066)


[libfx.py:1542] NOT match => 2017.11.30 17:00 ========= (diff = 0.126)


[libfx.py:1542] NOT match => 2017.11.30 16:00 ========= (diff = 0.092)


[libfx.py:1542] NOT match => 2017.11.30 15:00 ========= (diff = 0.077)


[libfx.py:1542] NOT match => 2017.11.30 14:00 ========= (diff = 0.095)


[libfx.py:1542] NOT match => 2017.11.30 13:00 ========= (diff = 0.045)


[libfx.py:1542] NOT match => 2017.11.30 12:00 ========= (diff = 0.011)


[libfx.py:1542] NOT match => 2017.11.30 11:00 ========= (diff = -0.071)


[libfx.py:1542] NOT match => 2017.11.30 10:00 ========= (diff = 0.056)


[libfx.py:1542] NOT match => 2017.11.30 09:00 ========= (diff = -0.018)


[libfx.py:1542] NOT match => 2017.11.30 08:00 ========= (diff = 0.004)


[libfx.py:1542] NOT match => 2017.11.30 07:00 ========= (diff = 0.128)


[libfx.py:1542] NOT match => 2017.11.30 06:00 ========= (diff = 0.066)


[libfx.py:1542] NOT match => 2017.11.30 05:00 ========= (diff = 0.058)


[libfx.py:1542] NOT match => 2017.11.30 04:00 ========= (diff = -0.099)


[libfx.py:1542] NOT match => 2017.11.30 03:00 ========= (diff = -0.002)


[libfx.py:1542] NOT match => 2017.11.30 02:00 ========= (diff = 0.171)


[libfx.py:1542] NOT match => 2017.11.30 01:00 ========= (diff = -0.162)


[libfx.py:1542] NOT match => 2017.11.30 00:00 ========= (diff = -0.158)


[libfx.py:1542] NOT match => 2017.11.29 23:00 ========= (diff = 0.077)


[libfx.py:1564] MATCH => 2017.11.29 22:00 ################# (diff = 0.370)


[libfx.py:1542] NOT match => 2017.11.29 21:00 ========= (diff = 0.021)


[libfx.py:1542] NOT match => 2017.11.29 20:00 ========= (diff = 0.080)


[libfx.py:1542] NOT match => 2017.11.29 19:00 ========= (diff = 0.059)


[libfx.py:1542] NOT match => 2017.11.29 18:00 ========= (diff = 0.058)


[libfx.py:1542] NOT match => 2017.11.29 17:00 ========= (diff = -0.036)


[libfx.py:1542] NOT match => 2017.11.29 16:00 ========= (diff = -0.059)


[libfx.py:1542] NOT match => 2017.11.29 15:00 ========= (diff = -0.053)


[libfx.py:1542] NOT match => 2017.11.29 14:00 ========= (diff = 0.052)


[libfx.py:1542] NOT match => 2017.11.29 13:00 ========= (diff = 0.049)


[libfx.py:1542] NOT match => 2017.11.29 12:00 ========= (diff = 0.005)


[libfx.py:1542] NOT match => 2017.11.29 11:00 ========= (diff = -0.175)


[libfx.py:1542] NOT match => 2017.11.29 10:00 ========= (diff = 0.023)


[libfx.py:1542] NOT match => 2017.11.29 09:00 ========= (diff = -0.024)


[libfx.py:1542] NOT match => 2017.11.29 08:00 ========= (diff = 0.139)


[libfx.py:1542] NOT match => 2017.11.29 07:00 ========= (diff = 0.031)


[libfx.py:1542] NOT match => 2017.11.29 06:00 ========= (diff = 0.012)


[libfx.py:1542] NOT match => 2017.11.29 05:00 ========= (diff = -0.126)


[libfx.py:1564] MATCH => 2017.11.29 04:00 ################# (diff = 0.372)


[libfx.py:1542] NOT match => 2017.11.29 03:00 ========= (diff = -0.039)


[libfx.py:1542] NOT match => 2017.11.29 02:00 ========= (diff = 0.110)


[libfx.py:1542] NOT match => 2017.11.29 01:00 ========= (diff = -0.163)


[libfx.py:1542] NOT match => 2017.11.29 00:00 ========= (diff = -0.069)


[libfx.py:1542] NOT match => 2017.11.28 23:00 ========= (diff = 0.126)


[libfx.py:1542] NOT match => 2017.11.28 22:00 ========= (diff = -0.043)


[libfx.py:1542] NOT match => 2017.11.28 21:00 ========= (diff = -0.063)


[libfx.py:1542] NOT match => 2017.11.28 20:00 ========= (diff = 0.028)


[libfx.py:1542] NOT match => 2017.11.28 19:00 ========= (diff = 0.092)


[libfx.py:1542] NOT match => 2017.11.28 18:00 ========= (diff = -0.066)


[libfx.py:1542] NOT match => 2017.11.28 17:00 ========= (diff = 0.002)


[libfx.py:1542] NOT match => 2017.11.28 16:00 ========= (diff = 0.099)


[libfx.py:1542] NOT match => 2017.11.28 15:00 ========= (diff = 0.020)


[libfx.py:1542] NOT match => 2017.11.28 14:00 ========= (diff = 0.017)


[libfx.py:1542] NOT match => 2017.11.28 13:00 ========= (diff = -0.025)


[libfx.py:1542] NOT match => 2017.11.28 12:00 ========= (diff = -0.085)


[libfx.py:1542] NOT match => 2017.11.28 11:00 ========= (diff = -0.040)


[libfx.py:1564] MATCH => 2017.11.28 10:00 ################# (diff = 0.294)


[libfx.py:1542] NOT match => 2017.11.28 09:00 ========= (diff = -0.120)


[libfx.py:1542] NOT match => 2017.11.28 08:00 ========= (diff = 0.075)


[libfx.py:1542] NOT match => 2017.11.28 07:00 ========= (diff = -0.018)


[libfx.py:1542] NOT match => 2017.11.28 06:00 ========= (diff = 0.001)


[libfx.py:1542] NOT match => 2017.11.28 05:00 ========= (diff = 0.078)


[libfx.py:1542] NOT match => 2017.11.28 04:00 ========= (diff = -0.065)


[libfx.py:1542] NOT match => 2017.11.28 03:00 ========= (diff = 0.024)


[libfx.py:1542] NOT match => 2017.11.28 02:00 ========= (diff = 0.057)


[libfx.py:1542] NOT match => 2017.11.28 01:00 ========= (diff = -0.043)


[libfx.py:1542] NOT match => 2017.11.28 00:00 ========= (diff = -0.073)


[libfx.py:1542] NOT match => 2017.11.27 23:00 ========= (diff = 0.202)


[libfx.py:1542] NOT match => 2017.11.27 22:00 ========= (diff = -0.132)


[libfx.py:1542] NOT match => 2017.11.27 21:00 ========= (diff = -0.190)


[libfx.py:1542] NOT match => 2017.11.27 20:00 ========= (diff = -0.005)


[libfx.py:1542] NOT match => 2017.11.27 19:00 ========= (diff = -0.031)


[libfx.py:1542] NOT match => 2017.11.27 18:00 ========= (diff = 0.003)


[libfx.py:1542] NOT match => 2017.11.27 17:00 ========= (diff = -0.101)


[libfx.py:1542] NOT match => 2017.11.27 16:00 ========= (diff = -0.067)


[libfx.py:1542] NOT match => 2017.11.27 15:00 ========= (diff = 0.045)


[libfx.py:1542] NOT match => 2017.11.27 14:00 ========= (diff = 0.035)


[libfx.py:1542] NOT match => 2017.11.27 13:00 ========= (diff = -0.041)


[libfx.py:1542] NOT match => 2017.11.27 12:00 ========= (diff = 0.013)


[libfx.py:1542] NOT match => 2017.11.27 11:00 ========= (diff = -0.054)


[libfx.py:1542] NOT match => 2017.11.27 10:00 ========= (diff = -0.206)


[libfx.py:1542] NOT match => 2017.11.27 09:00 ========= (diff = -0.029)


[libfx.py:1542] NOT match => 2017.11.27 08:00 ========= (diff = 0.064)


[libfx.py:1542] NOT match => 2017.11.27 07:00 ========= (diff = 0.116)


[libfx.py:1542] NOT match => 2017.11.25 06:00 ========= (diff = -0.065)


[libfx.py:1542] NOT match => 2017.11.25 05:00 ========= (diff = -0.006)


[libfx.py:1542] NOT match => 2017.11.25 04:00 ========= (diff = 0.033)


[libfx.py:1542] NOT match => 2017.11.25 03:00 ========= (diff = -0.029)


[libfx.py:1542] NOT match => 2017.11.25 02:00 ========= (diff = 0.022)


[libfx.py:1542] NOT match => 2017.11.25 01:00 ========= (diff = 0.048)


[libfx.py:1542] NOT match => 2017.11.25 00:00 ========= (diff = 0.138)


[libfx.py:1542] NOT match => 2017.11.24 23:00 ========= (diff = -0.004)


[libfx.py:1542] NOT match => 2017.11.24 22:00 ========= (diff = 0.001)


[libfx.py:1542] NOT match => 2017.11.24 21:00 ========= (diff = -0.102)


[libfx.py:1542] NOT match => 2017.11.24 20:00 ========= (diff = 0.044)


[libfx.py:1542] NOT match => 2017.11.24 19:00 ========= (diff = -0.007)


[libfx.py:1542] NOT match => 2017.11.24 18:00 ========= (diff = 0.025)


[libfx.py:1542] NOT match => 2017.11.24 17:00 ========= (diff = -0.015)


[libfx.py:1542] NOT match => 2017.11.24 16:00 ========= (diff = -0.099)


[libfx.py:1542] NOT match => 2017.11.24 15:00 ========= (diff = 0.015)


[libfx.py:1542] NOT match => 2017.11.24 14:00 ========= (diff = 0.040)


[libfx.py:1542] NOT match => 2017.11.24 13:00 ========= (diff = 0.007)


[libfx.py:1542] NOT match => 2017.11.24 12:00 ========= (diff = 0.123)


[libfx.py:1542] NOT match => 2017.11.24 11:00 ========= (diff = 0.003)


[libfx.py:1542] NOT match => 2017.11.24 10:00 ========= (diff = -0.063)


[libfx.py:1542] NOT match => 2017.11.24 09:00 ========= (diff = 0.128)


[libfx.py:1542] NOT match => 2017.11.24 08:00 ========= (diff = 0.031)


[libfx.py:1542] NOT match => 2017.11.24 07:00 ========= (diff = 0.018)


[libfx.py:1542] NOT match => 2017.11.24 06:00 ========= (diff = 0.077)


[libfx.py:1542] NOT match => 2017.11.24 05:00 ========= (diff = -0.096)


[libfx.py:1542] NOT match => 2017.11.24 04:00 ========= (diff = 0.035)


[libfx.py:1542] NOT match => 2017.11.24 03:00 ========= (diff = -0.004)


[libfx.py:1542] NOT match => 2017.11.24 02:00 ========= (diff = -0.014)


[libfx.py:1542] NOT match => 2017.11.24 01:00 ========= (diff = -0.024)


[libfx.py:1542] NOT match => 2017.11.24 00:00 ========= (diff = -0.021)


[libfx.py:1542] NOT match => 2017.11.23 23:00 ========= (diff = -0.031)


[libfx.py:1542] NOT match => 2017.11.23 22:00 ========= (diff = 0.062)


[libfx.py:1542] NOT match => 2017.11.23 21:00 ========= (diff = 0.073)


[libfx.py:1542] NOT match => 2017.11.23 20:00 ========= (diff = -0.098)


[libfx.py:1542] NOT match => 2017.11.23 19:00 ========= (diff = 0.000)


[libfx.py:1542] NOT match => 2017.11.23 18:00 ========= (diff = 0.055)


[libfx.py:1542] NOT match => 2017.11.23 17:00 ========= (diff = 0.024)


[libfx.py:1542] NOT match => 2017.11.23 16:00 ========= (diff = -0.052)


[libfx.py:1542] NOT match => 2017.11.23 15:00 ========= (diff = -0.073)


[libfx.py:1542] NOT match => 2017.11.23 14:00 ========= (diff = 0.012)


[libfx.py:1542] NOT match => 2017.11.23 13:00 ========= (diff = -0.018)


[libfx.py:1542] NOT match => 2017.11.23 12:00 ========= (diff = 0.040)


[libfx.py:1542] NOT match => 2017.11.23 11:00 ========= (diff = 0.067)


[libfx.py:1542] NOT match => 2017.11.23 10:00 ========= (diff = 0.078)


[libfx.py:1542] NOT match => 2017.11.23 09:00 ========= (diff = -0.156)


[libfx.py:1542] NOT match => 2017.11.23 08:00 ========= (diff = 0.034)


[libfx.py:1542] NOT match => 2017.11.23 07:00 ========= (diff = 0.019)


[libfx.py:1542] NOT match => 2017.11.23 06:00 ========= (diff = 0.018)


[libfx.py:1542] NOT match => 2017.11.23 05:00 ========= (diff = 0.044)


[libfx.py:1542] NOT match => 2017.11.23 04:00 ========= (diff = -0.344)


[libfx.py:1542] NOT match => 2017.11.23 03:00 ========= (diff = -0.077)


[libfx.py:1542] NOT match => 2017.11.23 02:00 ========= (diff = -0.049)


[libfx.py:1542] NOT match => 2017.11.23 01:00 ========= (diff = 0.005)


[libfx.py:1542] NOT match => 2017.11.23 00:00 ========= (diff = -0.180)


[libfx.py:1542] NOT match => 2017.11.22 23:00 ========= (diff = -0.185)


[libfx.py:1542] NOT match => 2017.11.22 22:00 ========= (diff = -0.093)


[libfx.py:1542] NOT match => 2017.11.22 21:00 ========= (diff = -0.007)


[libfx.py:1542] NOT match => 2017.11.22 20:00 ========= (diff = 0.023)


[libfx.py:1542] NOT match => 2017.11.22 19:00 ========= (diff = -0.016)


[libfx.py:1542] NOT match => 2017.11.22 18:00 ========= (diff = 0.080)


[libfx.py:1542] NOT match => 2017.11.22 17:00 ========= (diff = -0.054)


[libfx.py:1542] NOT match => 2017.11.22 16:00 ========= (diff = -0.076)


[libfx.py:1542] NOT match => 2017.11.22 15:00 ========= (diff = -0.059)


[libfx.py:1542] NOT match => 2017.11.22 14:00 ========= (diff = -0.022)


[libfx.py:1542] NOT match => 2017.11.22 13:00 ========= (diff = -0.072)


[libfx.py:1542] NOT match => 2017.11.22 12:00 ========= (diff = -0.011)


[libfx.py:1542] NOT match => 2017.11.22 11:00 ========= (diff = 0.040)


[libfx.py:1542] NOT match => 2017.11.22 10:00 ========= (diff = -0.041)


[libfx.py:1542] NOT match => 2017.11.22 09:00 ========= (diff = -0.038)


[libfx.py:1542] NOT match => 2017.11.22 08:00 ========= (diff = -0.128)


[libfx.py:1542] NOT match => 2017.11.22 07:00 ========= (diff = -0.001)


[libfx.py:1542] NOT match => 2017.11.22 06:00 ========= (diff = -0.026)


[libfx.py:1542] NOT match => 2017.11.22 05:00 ========= (diff = 0.018)


[libfx.py:1542] NOT match => 2017.11.22 04:00 ========= (diff = 0.136)


[libfx.py:1542] NOT match => 2017.11.22 03:00 ========= (diff = -0.125)


[libfx.py:1542] NOT match => 2017.11.22 02:00 ========= (diff = -0.024)


[libfx.py:1542] NOT match => 2017.11.22 01:00 ========= (diff = 0.001)


[libfx.py:1542] NOT match => 2017.11.22 00:00 ========= (diff = 0.218)


[libfx.py:1542] NOT match => 2017.11.21 23:00 ========= (diff = -0.224)


[libfx.py:1542] NOT match => 2017.11.21 22:00 ========= (diff = -0.115)


[libfx.py:1542] NOT match => 2017.11.21 21:00 ========= (diff = -0.007)


[libfx.py:1542] NOT match => 2017.11.21 20:00 ========= (diff = 0.073)


[libfx.py:1542] NOT match => 2017.11.21 19:00 ========= (diff = 0.087)


[libfx.py:1542] NOT match => 2017.11.21 18:00 ========= (diff = -0.088)


[libfx.py:1542] NOT match => 2017.11.21 17:00 ========= (diff = -0.050)


[libfx.py:1542] NOT match => 2017.11.21 16:00 ========= (diff = 0.120)


[libfx.py:1542] NOT match => 2017.11.21 15:00 ========= (diff = -0.114)


[libfx.py:1542] NOT match => 2017.11.21 14:00 ========= (diff = -0.024)


[libfx.py:1542] NOT match => 2017.11.21 13:00 ========= (diff = 0.052)


[libfx.py:1542] NOT match => 2017.11.21 12:00 ========= (diff = -0.045)


[libfx.py:1542] NOT match => 2017.11.21 11:00 ========= (diff = -0.061)


[libfx.py:1542] NOT match => 2017.11.21 10:00 ========= (diff = 0.035)


[libfx.py:1542] NOT match => 2017.11.21 09:00 ========= (diff = 0.047)


[libfx.py:1542] NOT match => 2017.11.21 08:00 ========= (diff = -0.024)


[libfx.py:1542] NOT match => 2017.11.21 07:00 ========= (diff = -0.036)


[libfx.py:1542] NOT match => 2017.11.21 06:00 ========= (diff = -0.020)


[libfx.py:1542] NOT match => 2017.11.21 05:00 ========= (diff = -0.046)


[libfx.py:1542] NOT match => 2017.11.21 04:00 ========= (diff = 0.055)


[libfx.py:1542] NOT match => 2017.11.21 03:00 ========= (diff = 0.046)


[libfx.py:1542] NOT match => 2017.11.21 02:00 ========= (diff = 0.083)


[libfx.py:1542] NOT match => 2017.11.21 01:00 ========= (diff = 0.097)


[libfx.py:1542] NOT match => 2017.11.21 00:00 ========= (diff = 0.075)


[libfx.py:1542] NOT match => 2017.11.20 23:00 ========= (diff = 0.077)


[libfx.py:1542] NOT match => 2017.11.20 22:00 ========= (diff = 0.113)


[libfx.py:1542] NOT match => 2017.11.20 21:00 ========= (diff = -0.049)


[libfx.py:1542] NOT match => 2017.11.20 20:00 ========= (diff = 0.099)


[libfx.py:1542] NOT match => 2017.11.20 19:00 ========= (diff = -0.030)


[libfx.py:1542] NOT match => 2017.11.20 18:00 ========= (diff = -0.027)


[libfx.py:1542] NOT match => 2017.11.20 17:00 ========= (diff = 0.110)


[libfx.py:1542] NOT match => 2017.11.20 16:00 ========= (diff = -0.027)


[libfx.py:1542] NOT match => 2017.11.20 15:00 ========= (diff = -0.018)


[libfx.py:1542] NOT match => 2017.11.20 14:00 ========= (diff = 0.049)


[libfx.py:1542] NOT match => 2017.11.20 13:00 ========= (diff = 0.012)


[libfx.py:1542] NOT match => 2017.11.20 12:00 ========= (diff = -0.025)


[libfx.py:1542] NOT match => 2017.11.20 11:00 ========= (diff = 0.018)


[libfx.py:1542] NOT match => 2017.11.20 10:00 ========= (diff = -0.092)


[libfx.py:1542] NOT match => 2017.11.20 09:00 ========= (diff = 0.096)


[libfx.py:1542] NOT match => 2017.11.20 08:00 ========= (diff = -0.166)


[libfx.py:1542] NOT match => 2017.11.20 07:00 ========= (diff = 0.064)


[libfx.py:1542] NOT match => 2017.11.18 06:00 ========= (diff = 0.086)


[libfx.py:1542] NOT match => 2017.11.18 05:00 ========= (diff = -0.046)


[libfx.py:1542] NOT match => 2017.11.18 04:00 ========= (diff = 0.043)


[libfx.py:1542] NOT match => 2017.11.18 03:00 ========= (diff = 0.068)


[libfx.py:1542] NOT match => 2017.11.18 02:00 ========= (diff = 0.036)


[libfx.py:1542] NOT match => 2017.11.18 01:00 ========= (diff = -0.247)


[libfx.py:1542] NOT match => 2017.11.18 00:00 ========= (diff = -0.193)


[libfx.py:1542] NOT match => 2017.11.17 23:00 ========= (diff = -0.142)


[libfx.py:1542] NOT match => 2017.11.17 22:00 ========= (diff = -0.052)


[libfx.py:1542] NOT match => 2017.11.17 21:00 ========= (diff = 0.010)


[libfx.py:1542] NOT match => 2017.11.17 20:00 ========= (diff = 0.040)


[libfx.py:1600] cntOf_IN => 6 (total = 720 / 0.83 %)


[82_10.py:133] aryOf_Matched_BarDatas => None

[82_10.py:140] exec_prog => done

[82_10.py:168] all done
