test_2 =========================


[2_1.py:79] x = 0.20000 / x2 = 0.20000 / a = 3.000000010 / a2 = 3.000000000

0 : x = 2.40000 / x2 = 2.40000 / x-x2 = 0.00000
1 : x = -4.20000 / x2 = -4.20000 / x-x2 = -0.00000
2 : x = 15.60000 / x2 = 15.60000 / x-x2 = 0.00000
3 : x = -43.80000 / x2 = -43.80000 / x-x2 = -0.00000
4 : x = 134.40000 / x2 = 134.40000 / x-x2 = 0.00000
5 : x = -400.20001 / x2 = -400.20000 / x-x2 = -0.00001
6 : x = 1203.60003 / x2 = 1203.60000 / x-x2 = 0.00003
7 : x = -3607.80010 / x2 = -3607.80000 / x-x2 = -0.00010
8 : x = 10826.40034 / x2 = 10826.40000 / x-x2 = 0.00034
9 : x = -32476.20112 / x2 = -32476.20000 / x-x2 = -0.00112
10 : x = 97431.60368 / x2 = 97431.60000 / x-x2 = 0.00368
11 : x = -292291.81202 / x2 = -292291.80000 / x-x2 = -0.01202
12 : x = 876878.43899 / x2 = 876878.40000 / x-x2 = 0.03899
13 : x = -2630632.32575 / x2 = -2630632.20000 / x-x2 = -0.12575
14 : x = 7891900.00356 / x2 = 7891899.60000 / x-x2 = 0.40356
15 : x = -23675697.08961 / x2 = -23675695.80000 / x-x2 = -1.28961
16 : x = 71027094.50558 / x2 = 71027090.40000 / x-x2 = 4.10558
17 : x = -213081281.22701 / x2 = -213081268.20000 / x-x2 = -13.02701
18 : x = 639243848.81186 / x2 = 639243807.60000 / x-x2 = 41.21186
19 : x = -1917731549.82801 / x2 = -1917731419.80000 / x-x2 = -130.02800
20 : x = 5753194671.66133 / x2 = 5753194262.40000 / x-x2 = 409.26133
21 : x = -17259584069.51594 / x2 = -17259582784.20001 / x-x2 = -1285.31593
22 : x = 51778752384.14366 / x2 = 51778748355.60004 / x-x2 = 4028.54362
23 : x = -155336257667.21851 / x2 = -155336245063.80011 / x-x2 = -12603.41840
24 : x = 466008774558.01807 / x2 = 466008735194.40033 / x-x2 = 39363.61774
25 : x = -1398026328331.14185 / x2 = -1398026205580.20093 / x-x2 = -122750.94092
26 : x = 4194078998976.68896 / x2 = 4194078616743.60254 / x-x2 = 382233.08643
27 : x = -12582237038867.85742 / x2 = -12582235850227.80859 / x-x2 = -1188640.04883
28 : x = 37746711242428.94531 / x2 = 37746707550686.42188 / x-x2 = 3691742.52344
29 : x = -113240134104750.95312 / x2 = -113240122652056.26562 / x-x2 = -11452694.68750
30 : x = 339720403446657.18750 / x2 = 339720367956171.81250 / x-x2 = 35490485.37500
31 : x = -1019161213737172.62500 / x2 = -1019161103868512.50000 / x-x2 = -109868660.12500
32 : x = 3057483651403133.00000 / x2 = 3057483311605540.50000 / x-x2 = 339797592.50000
33 : x = -9172450984784232.00000 / x2 = -9172449934816618.00000 / x-x2 = -1049967614.00000
34 : x = 27517353046077204.00000 / x2 = 27517349804449860.00000 / x-x2 = 3241627344.00000
35 : x = -82552059413405136.00000 / x2 = -82552049413349584.00000 / x-x2 = -10000055552.00000
36 : x = 247656179065736000.00000 / x2 = 247656148240048768.00000 / x-x2 = 30825687232.00000
37 : x = -742968539673769728.00000 / x2 = -742968444720146304.00000 / x-x2 = -94953623424.00000
38 : x = 2228905626450994432.00000 / x2 = 2228905334160438784.00000 / x-x2 = 292290555648.00000
39 : x = -6686716901642039296.00000 / x2 = -6686716002481315840.00000 / x-x2 = -899160723456.00000
40 : x = 20060150771793285120.00000 / x2 = 20060148007443947520.00000 / x-x2 = 2764349337600.00000
41 : x = -60180452515981361152.00000 / x2 = -60180444022331842560.00000 / x-x2 = -8493649518592.00000
42 : x = 180541358149748621312.00000 / x2 = 180541332066995535872.00000 / x-x2 = 26082753085440.00000
43 : x = -541624076254659411968.00000 / x2 = -541623996200986607616.00000 / x-x2 = -80053672804352.00000
44 : x = 1624872234180218978304.00000 / x2 = 1624871988602959822848.00000 / x-x2 = 245577259155456.00000
45 : x = -4874616718789379620864.00000 / x2 = -4874615965808879206400.00000 / x-x2 = -752980500414464.00000
46 : x = 14623850205114305347584.00000 / x2 = 14623847897426636570624.00000 / x-x2 = 2307687668776960.00000
47 : x = -43871550761581418643456.00000 / x2 = -43871543692279905517568.00000 / x-x2 = -7069301513125888.00000
48 : x = 131614652723459755343872.00000 / x2 = 131614631076839716552704.00000 / x-x2 = 21646620038791168.00000
49 : x = -394843959486525772660736.00000 / x2 = -394843893230519132880896.00000 / x-x2 = -66256006639779840.00000
50 : x = 1184531882408016854646784.00000 / x2 = 1184531679691557331533824.00000 / x-x2 = 202716459523112960.00000
51 : x = -3553595659069369576587264.00000 / x2 = -3553595039074671994601472.00000 / x-x2 = -619994697581985792.00000
52 : x = 10660787012744064157089792.00000 / x2 = 10660785117224015446933504.00000 / x-x2 = 1895520048710156288.00000
53 : x = -31982361144840060363866112.00000 / x2 = -31982355351672044193316864.00000 / x-x2 = -5793168016170549248.00000
54 : x = 95947083754343795506806784.00000 / x2 = 95947066055016132579950592.00000 / x-x2 = 17699327662926856192.00000
55 : x = -287841252222502221176111104.00000 / x2 = -287841198165048397739851776.00000 / x-x2 = -54057453823436259328.00000
56 : x = 863523759545919115955798016.00000 / x2 = 863523594495145227579293696.00000 / x-x2 = 165050773888376504320.00000
57 : x = -2590571287272995117466648576.00000 / x2 = -2590570783485435820176834560.00000 / x-x2 = -503787559297289814016.00000
58 : x = 7771713887724698111441895424.00000 / x2 = 7771712350456306910774689792.00000 / x-x2 = 1537268391200667205632.00000
59 : x = -23315141740891234260718977024.00000 / x2 = -23315137051368922931347324928.00000 / x-x2 = -4689522311329371652096.00000
60 : x = 69945425455825117063778664448.00000 / x2 = 69945411154106768794041974784.00000 / x-x2 = 14301718348269736689664.00000
61 : x = -209836277066929594036201193472.00000 / x2 = -209836233462320306382125924352.00000 / x-x2 = -43604609287654075269120.00000
62 : x = 629508833299151554623664291840.00000 / x2 = 629508700386960919146377773056.00000 / x-x2 = 132912190635477286518784.00000
63 : x = -1888526506192542875863058743296.00000 / x2 = -1888526101160882827807877496832.00000 / x-x2 = -405031660048055181246464.00000
64 : x = 5665579537462893263565373833216.00000 / x2 = 5665578303482648201948655779840.00000 / x-x2 = 1233980245061616718053376.00000
65 : x = -16996738669044475387474574573568.00000 / x2 = -16996734910447943479946060496896.00000 / x-x2 = -3758596531907528514076672.00000
66 : x = 50990216177100811826859176099840.00000 / x2 = 50990204731343834943437808861184.00000 / x-x2 = 11445756976883421367238656.00000
67 : x = -152970649041204587970284258066432.00000 / x2 = -152970614194031504830313426583552.00000 / x-x2 = -34847173083139970831482880.00000
68 : x = 458911948653320266415969237204992.00000 / x2 = 458911842582094478462143260786688.00000 / x-x2 = 106071225787953825976418304.00000
69 : x = -1376735850549080252720061572186112.00000 / x2 = -1376735527746283579501617858215936.00000 / x-x2 = -322802796673218443713970176.00000
70 : x = 4130207565414598974461458222415872.00000 / x2 = 4130206583238850738504853574647808.00000 / x-x2 = 982175748235956604647768064.00000
71 : x = -12390622737545871860518571336531968.00000 / x2 = -12390619749716551639053808420519936.00000 / x-x2 = -2987829320221464762916012032.00000
72 : x = 37171868336543844428183570141413376.00000 / x2 = 37171859249149657223004434475253760.00000 / x-x2 = 9087394187205179135666159616.00000
73 : x = -111515605381350222130277288033386496.00000 / x2 = -111515577747448980892385340280537088.00000 / x-x2 = -27633901241237891947752849408.00000
74 : x = 334546817259206705257895486363271168.00000 / x2 = 334546733242346979570644168260714496.00000 / x-x2 = 84016859725687251318102556672.00000
75 : x = -1003640455123088195481389178460045312.00000 / x2 = -1003640199727040938711932504782143488.00000 / x-x2 = -255396047256769456673677901824.00000
76 : x = 3010921375405669046928204578005450752.00000 / x2 = 3010920599181122963709750104022843392.00000 / x-x2 = 776224546083218454473982607360.00000
77 : x = -9032764156326220227088819682539470848.00000 / x2 = -9032761797543369481425060670774181888.00000 / x-x2 = -2358782850745663759011765288960.00000
78 : x = 27098292559306299349883266534482116608.00000 / x2 = 27098285392630108444275182012322545664.00000 / x-x2 = 7166676190905608084522159570944.00000
79 : x = -81294877948901825861416429238150496256.00000 / x2 = -81294856177890330055192028906612850688.00000 / x-x2 = -21771011495806224400331537645568.00000
80 : x = 243884634659654237407716762270337859584.00000 / x2 = 243884568533670971276110155241257697280.00000 / x-x2 = 66125983266131606607029080162304.00000
81 : x = -731653906417809048361950504914415255552.00000 / x2 = -731653705601012989386194191638096510976.00000 / x-x2 = -200816796058975756313276318744576.00000
82 : x = 2194961726569966040165456580181965668352.00000 / x2 = 2194961116803038968158582574914289532928.00000 / x-x2 = 609766927072006874005267676135424.00000
83 : x = -6584885201659515259082367292347997224960.00000 / x2 = -6584883350409116300012837917428281245696.00000 / x-x2 = -1851250398959069529374919715979264.00000
84 : x = 19754655670827396890773639628792998658048.00000 / x2 = 19754650051227348900038513752284843737088.00000 / x-x2 = 5619600047990735125876508154920960.00000
85 : x = -59263967210028750057529630214771890454528.00000 / x2 = -59263950153682049117967180486112880623616.00000 / x-x2 = -17056346700939562449728659009830912.00000
86 : x = 177791902222725923492511746170977655980032.00000 / x2 = 177791850461046147353901541458338641870848.00000 / x-x2 = 51761679776138610204712639014109184.00000
87 : x = -533375708446096809780116918926985717088256.00000 / x2 = -533375551383138442061704624375015925612544.00000 / x-x2 = -157062958367718412294551969791475712.00000
88 : x = 1600127130672047469876843342686848217513984.00000 / x2 = 1600126654149415326185113873125047776837632.00000 / x-x2 = 476522632143691729469561800440676352.00000
89 : x = -4800381408017413376497502875105683488899072.00000 / x2 = -4800379962448245978555341619375143330512896.00000 / x-x2 = -1445569167397942161255730540158386176.00000
90 : x = 14401144272056053339578436987797535700549632.00000 / x2 = 14401139887344737316696005215435292541976576.00000 / x-x2 = 4384711316022882431772362243158573056.00000
91 : x = -43203432960179601505903154978904475151892480.00000 / x2 = -43203419662034214425968094217066427424178176.00000 / x-x2 = -13298145387079935060761838047727714304.00000
92 : x = 129610299312573124027452839841727930009911296.00000 / x2 = 129610258986102653181424596934241481465528320.00000 / x-x2 = 40326470470846028242907486448544382976.00000
93 : x = -388830899233822350418629272806311702078423040.00000 / x2 = -388830776958307919930192533670555647624609792.00000 / x-x2 = -122275514430488436739135756054453813248.00000
94 : x = 1166492701589775946650618821130150045609361408.00000 / x2 = 1166492330874923759790577601011666942873829376.00000 / x-x2 = 370714852186860041220118483102735532032.00000
95 : x = -3499478116434254684592374500052770142038261760.00000 / x2 = -3499476992624771120915407774506325641533587456.00000 / x-x2 = -1123809483563676966725546444500504674304.00000
96 : x = 10498434384297544904611327667202620815921119232.00000 / x2 = 10498430977874313362746223323518976924600762368.00000 / x-x2 = 3406423231541865104343683643891320356864.00000
97 : x = -31495303257876979167812495845084895862237167616.00000 / x2 = -31495292933622938820588069742327529277099081728.00000 / x-x2 = -10324254040347224426102757366585138085888.00000
98 : x = 94485910088583977203626027206832795313648959488.00000 / x2 = 94485878800868826602969011052817799804922888192.00000 / x-x2 = 31287715150600657016154014995508726071296.00000
99 : x = -283457731210611025358431696070644679187695140864.00000 / x2 = -283457636402606479808907033158453399414768664576.00000 / x-x2 = -94808004545549524662912191279772926476288.00000
[2_1.py:173] exec_prog => done

[2_1.py:186] all done
