test_2 =========================

0 : 1.60000
1 : -1.20000
2 : 4.40000
3 : -6.80000
4 : 15.60000
5 : -29.20000
6 : 60.40000
7 : -118.80000
8 : 239.60000
9 : -477.20000
10 : 956.40000
11 : -1910.80000
12 : 3823.60000
13 : -7645.20000
14 : 15292.40000
15 : -30582.80000
16 : 61167.60000
17 : -122333.20000
18 : 244668.40000
19 : -489334.80000
20 : 978671.60000
21 : -1957341.20000
22 : 3914684.40000
23 : -7829366.80000
24 : 15658735.60000
25 : -31317469.20000
26 : 62634940.40000
27 : -125269878.80000
28 : 250539759.60000
29 : -501079517.20000
30 : 1002159036.40000
31 : -2004318070.80000
32 : 4008636143.60000
33 : -8017272285.20000
34 : 16034544572.40000
35 : -32069089142.80000
36 : 64138178287.60001
37 : -128276356573.20001
38 : 256552713148.40002
39 : -513105426294.80005
40 : 1026210852591.60010
41 : -2052421705181.20020
42 : 4104843410364.40039
43 : -8209686820726.80078
44 : 16419373641455.60156
45 : -32838747282909.20312
46 : 65677494565820.40625
47 : -131354989131638.81250
48 : 262709978263279.62500
49 : -525419956526557.25000
50 : 1050839913053116.50000
51 : -2101679826106231.00000
52 : 4203359652212464.00000
53 : -8406719304424926.00000
54 : 16813438608849854.00000
55 : -33626877217699704.00000
56 : 67253754435399408.00000
57 : -134507508870798816.00000
58 : 269015017741597632.00000
59 : -538030035483195264.00000
60 : 1076060070966390528.00000
61 : -2152120141932781056.00000
62 : 4304240283865562112.00000
63 : -8608480567731124224.00000
64 : 17216961135462248448.00000
65 : -34433922270924496896.00000
66 : 68867844541848993792.00000
67 : -137735689083697987584.00000
68 : 275471378167395975168.00000
69 : -550942756334791950336.00000
70 : 1101885512669583900672.00000
71 : -2203771025339167801344.00000
72 : 4407542050678335602688.00000
73 : -8815084101356671205376.00000
74 : 17630168202713342410752.00000
75 : -35260336405426684821504.00000
76 : 70520672810853369643008.00000
77 : -141041345621706739286016.00000
78 : 282082691243413478572032.00000
79 : -564165382486826957144064.00000
80 : 1128330764973653914288128.00000
81 : -2256661529947307828576256.00000
82 : 4513323059894615657152512.00000
83 : -9026646119789231314305024.00000
84 : 18053292239578462628610048.00000
85 : -36106584479156925257220096.00000
86 : 72213168958313850514440192.00000
87 : -144426337916627701028880384.00000
88 : 288852675833255402057760768.00000
89 : -577705351666510804115521536.00000
90 : 1155410703333021608231043072.00000
91 : -2310821406666043216462086144.00000
92 : 4621642813332086432924172288.00000
93 : -9243285626664172865848344576.00000
94 : 18486571253328345731696689152.00000
95 : -36973142506656691463393378304.00000
96 : 73946285013313382926786756608.00000
97 : -147892570026626765853573513216.00000
98 : 295785140053253531707147026432.00000
99 : -591570280106507063414294052864.00000
[2_1.py:150] exec_prog => done

[2_1.py:163] all done
