test_2 =========================


[2_1.py:77] x = 0.20000 / x2 = 0.20000 / a = 2.000000010 / a2 = 2.000000000

0 : x = 1.60000 / x2 = 1.60000 / x-x2 = 0.00000
1 : x = -1.20000 / x2 = -1.20000 / x-x2 = -0.00000
2 : x = 4.40000 / x2 = 4.40000 / x-x2 = 0.00000
3 : x = -6.80000 / x2 = -6.80000 / x-x2 = -0.00000
4 : x = 15.60000 / x2 = 15.60000 / x-x2 = 0.00000
5 : x = -29.20000 / x2 = -29.20000 / x-x2 = -0.00000
6 : x = 60.40000 / x2 = 60.40000 / x-x2 = 0.00000
7 : x = -118.80001 / x2 = -118.80000 / x-x2 = -0.00001
8 : x = 239.60001 / x2 = 239.60000 / x-x2 = 0.00001
9 : x = -477.20003 / x2 = -477.20000 / x-x2 = -0.00003
10 : x = 956.40005 / x2 = 956.40000 / x-x2 = 0.00005
11 : x = -1910.80012 / x2 = -1910.80000 / x-x2 = -0.00012
12 : x = 3823.60026 / x2 = 3823.60000 / x-x2 = 0.00026
13 : x = -7645.20055 / x2 = -7645.20000 / x-x2 = -0.00055
14 : x = 15292.40118 / x2 = 15292.40000 / x-x2 = 0.00118
15 : x = -30582.80252 / x2 = -30582.80000 / x-x2 = -0.00252
16 : x = 61167.60534 / x2 = 61167.60000 / x-x2 = 0.00534
17 : x = -122333.21130 / x2 = -122333.20000 / x-x2 = -0.01130
18 : x = 244668.42383 / x2 = 244668.40000 / x-x2 = 0.02383
19 : x = -489334.85010 / x2 = -489334.80000 / x-x2 = -0.05010
20 : x = 978671.70509 / x2 = 978671.60000 / x-x2 = 0.10509
21 : x = -1957341.41997 / x2 = -1957341.20000 / x-x2 = -0.21997
22 : x = 3914684.85951 / x2 = 3914684.40000 / x-x2 = 0.45951
23 : x = -7829367.75817 / x2 = -7829366.80000 / x-x2 = -0.95817
24 : x = 15658737.59462 / x2 = 15658735.60000 / x-x2 = 1.99462
25 : x = -31317473.34584 / x2 = -31317469.20000 / x-x2 = -4.14584
26 : x = 62634949.00485 / x2 = 62634940.40000 / x-x2 = 8.60485
27 : x = -125269896.63605 / x2 = -125269878.80000 / x-x2 = -17.83605
28 : x = 250539796.52479 / x2 = 250539759.60000 / x-x2 = 36.92479
29 : x = -501079593.55498 / x2 = -501079517.20000 / x-x2 = -76.35498
30 : x = 1002159194.12075 / x2 = 1002159036.40000 / x-x2 = 157.72075
31 : x = -2004318396.26310 / x2 = -2004318070.80000 / x-x2 = -325.46310
32 : x = 4008636814.56939 / x2 = 4008636143.60000 / x-x2 = 670.96939
33 : x = -8017273667.22514 / x2 = -8017272285.20000 / x-x2 = -1382.02514
34 : x = 16034547416.62302 / x2 = 16034544572.40000 / x-x2 = 2844.22302
35 : x = -32069094991.59151 / x2 = -32069089142.80000 / x-x2 = -5848.79151
36 : x = 64138190305.87397 / x2 = 64138178287.60001 / x-x2 = 12018.27396
37 : x = -128276381251.12984 / x2 = -128276356573.20001 / x-x2 = -24677.92982
38 : x = 256552763787.02347 / x2 = 256552713148.40002 / x-x2 = 50638.62344
39 : x = -513105530137.57458 / x2 = -513105426294.80005 / x-x2 = -103842.77454
40 : x = 1026211065408.20447 / x2 = 1026210852591.60010 / x-x2 = 212816.60437
41 : x = -2052422141076.51953 / x2 = -2052421705181.20020 / x-x2 = -435895.31934
42 : x = 4104844302679.26025 / x2 = 4104843410364.40039 / x-x2 = 892314.85986
43 : x = -8209688646404.96289 / x2 = -8209686820726.80078 / x-x2 = -1825678.16211
44 : x = 16419377374908.81250 / x2 = 16419373641455.60156 / x-x2 = 3733453.21094
45 : x = -32838754914009.39844 / x2 = -32838747282909.20312 / x-x2 = -7631100.19531
46 : x = 65677510156408.34375 / x2 = 65677494565820.40625 / x-x2 = 15590587.93750
47 : x = -131355020969589.78125 / x2 = -131354989131638.81250 / x-x2 = -31837950.96875
48 : x = 262710043252731.75000 / x2 = 262709978263279.62500 / x-x2 = 64989452.12500
49 : x = -525420089132561.93750 / x2 = -525419956526557.25000 / x-x2 = -132606004.68750
50 : x = 1050840183519326.75000 / x2 = 1050839913053116.50000 / x-x2 = 270466210.25000
51 : x = -2101680377547053.25000 / x2 = -2101679826106231.00000 / x-x2 = -551440822.25000
52 : x = 4203360776110912.00000 / x2 = 4203359652212464.00000 / x-x2 = 1123898448.00000
53 : x = -8406721594255430.00000 / x2 = -8406719304424926.00000 / x-x2 = -2289830504.00000
54 : x = 16813443272578078.00000 / x2 = 16813438608849854.00000 / x-x2 = 4663728224.00000
55 : x = -33626886713290584.00000 / x2 = -33626877217699704.00000 / x-x2 = -9495590880.00000
56 : x = 67253773762850032.00000 / x2 = 67253754435399408.00000 / x-x2 = 19327450624.00000
57 : x = -134507548198237792.00000 / x2 = -134507508870798816.00000 / x-x2 = -39327438976.00000
58 : x = 269015097741551072.00000 / x2 = 269015017741597632.00000 / x-x2 = 79999953440.00000
59 : x = -538030198173253120.00000 / x2 = -538030035483195264.00000 / x-x2 = -162690057856.00000
60 : x = 1076060401726808192.00000 / x2 = 1076060070966390528.00000 / x-x2 = 330760417664.00000
61 : x = -2152120814214220288.00000 / x2 = -2152120141932781056.00000 / x-x2 = -672281439232.00000
62 : x = 4304241649949648384.00000 / x2 = 4304240283865562112.00000 / x-x2 = 1366084086272.00000
63 : x = -8608483342941713408.00000 / x2 = -8608480567731124224.00000 / x-x2 = -2775210589184.00000
64 : x = 17216966771968260096.00000 / x2 = 17216961135462248448.00000 / x-x2 = 5636506011648.00000
65 : x = -34433933716106186752.00000 / x2 = -34433922270924496896.00000 / x-x2 = -11445181689856.00000
66 : x = 68867867776551706624.00000 / x2 = 68867844541848993792.00000 / x-x2 = 23234702712832.00000
67 : x = -137735736241782079488.00000 / x2 = -137735689083697987584.00000 / x-x2 = -47158084091904.00000
68 : x = 275471473860921524224.00000 / x2 = 275471378167395975168.00000 / x-x2 = 95693525549056.00000
69 : x = -550942950476557778944.00000 / x2 = -550942756334791950336.00000 / x-x2 = -194141765828608.00000
70 : x = 1101885906462545018880.00000 / x2 = 1101885512669583900672.00000 / x-x2 = 393792961118208.00000
71 : x = -2203771823943948959744.00000 / x2 = -2203771025339167801344.00000 / x-x2 = -798604781158400.00000
72 : x = 4407543669925615763456.00000 / x2 = 4407542050678335602688.00000 / x-x2 = 1619247280160768.00000
73 : x = -8815087383926668263424.00000 / x2 = -8815084101356671205376.00000 / x-x2 = -3282569997058048.00000
74 : x = 17630174856004209999872.00000 / x2 = 17630168202713342410752.00000 / x-x2 = 6653290867589120.00000
75 : x = -35260349888310166945792.00000 / x2 = -35260336405426684821504.00000 / x-x2 = -13482883482124288.00000
76 : x = 70520700129223827783680.00000 / x2 = 70520672810853369643008.00000 / x-x2 = 27318370458140672.00000
77 : x = -141041400963654660128768.00000 / x2 = -141041345621706739286016.00000 / x-x2 = -55341947920842752.00000
78 : x = 282082803337723329380352.00000 / x2 = 282082691243413478572032.00000 / x-x2 = 112094309850808320.00000
79 : x = -564165609496274677006336.00000 / x2 = -564165382486826957144064.00000 / x-x2 = -227009447719862272.00000
80 : x = 1128331224634205390503936.00000 / x2 = 1128330764973653914288128.00000 / x-x2 = 459660551476215808.00000
81 : x = -2256662460551722853990400.00000 / x2 = -2256661529947307828576256.00000 / x-x2 = -930604415025414144.00000
82 : x = 4513324943670070390816768.00000 / x2 = 4513323059894615657152512.00000 / x-x2 = 1883775454733664256.00000
83 : x = -9026649932473390147305472.00000 / x2 = -9026646119789231314305024.00000 / x-x2 = -3812684158833000448.00000
84 : x = 18053299955213279025954816.00000 / x2 = 18053292239578462628610048.00000 / x-x2 = 7715634816397344768.00000
85 : x = -36106600090959555514597376.00000 / x2 = -36106584479156925257220096.00000 / x-x2 = -15611802630257377280.00000
86 : x = 72213200542985105954570240.00000 / x2 = 72213168958313850514440192.00000 / x-x2 = 31584671255440130048.00000
87 : x = -144426401808102218939760640.00000 / x2 = -144426337916627701028880384.00000 / x-x2 = -63891474517910880256.00000
88 : x = 288852805060468451940761600.00000 / x2 = 288852675833255402057760768.00000 / x-x2 = 129227213049883000832.00000
89 : x = -577705613009464932004003840.00000 / x2 = -577705351666510804115521536.00000 / x-x2 = -261342954127888482304.00000
90 : x = 1155411231795985920252968960.00000 / x2 = 1155410703333021608231043072.00000 / x-x2 = 528462964312021925888.00000
91 : x = -2310822475146083952995860480.00000 / x2 = -2310821406666043216462086144.00000 / x-x2 = -1068480040736533774336.00000
92 : x = 4621644973400392680727379968.00000 / x2 = 4621642813332086432924172288.00000 / x-x2 = 2160068306247803207680.00000
93 : x = -9243289993017234910926077952.00000 / x2 = -9243285626664172865848344576.00000 / x-x2 = -4366353062045077733376.00000
94 : x = 18486580078467368920794791936.00000 / x2 = 18486571253328345731696689152.00000 / x-x2 = 8825139023189098102784.00000
95 : x = -36973160341800536039474855936.00000 / x2 = -36973142506656691463393378304.00000 / x-x2 = -17835143844576081477632.00000
96 : x = 73946321053332677270813278208.00000 / x2 = 73946285013313382926786756608.00000 / x-x2 = 36040019294344026521600.00000
97 : x = -147892642846128564925353689088.00000 / x2 = -147892570026626765853573513216.00000 / x-x2 = -72819501799071780175872.00000
98 : x = 295785287171183550618161643520.00000 / x2 = 295785140053253531707147026432.00000 / x-x2 = 147117930018911014617088.00000
99 : x = -591570577300219942771231817728.00000 / x2 = -591570280106507063414294052864.00000 / x-x2 = -297193712879356937764864.00000
[2_1.py:171] exec_prog => done

[2_1.py:184] all done
