test_2 =========================

0 : 1.60000
1 : -1.20000
2 : 4.40000
3 : -6.80000
4 : 15.60000
5 : -29.20000
6 : 60.40000
7 : -118.80001
8 : 239.60001
9 : -477.20003
10 : 956.40005
11 : -1910.80012
12 : 3823.60026
13 : -7645.20055
14 : 15292.40118
15 : -30582.80252
16 : 61167.60534
17 : -122333.21130
18 : 244668.42383
19 : -489334.85010
20 : 978671.70509
21 : -1957341.41997
22 : 3914684.85951
23 : -7829367.75817
24 : 15658737.59462
25 : -31317473.34584
26 : 62634949.00485
27 : -125269896.63605
28 : 250539796.52479
29 : -501079593.55498
30 : 1002159194.12075
31 : -2004318396.26310
32 : 4008636814.56939
33 : -8017273667.22514
34 : 16034547416.62302
35 : -32069094991.59151
36 : 64138190305.87397
37 : -128276381251.12984
38 : 256552763787.02347
39 : -513105530137.57458
40 : 1026211065408.20447
41 : -2052422141076.51953
42 : 4104844302679.26025
43 : -8209688646404.96289
44 : 16419377374908.81250
45 : -32838754914009.39844
46 : 65677510156408.34375
47 : -131355020969589.78125
48 : 262710043252731.75000
49 : -525420089132561.93750
50 : 1050840183519326.75000
51 : -2101680377547053.25000
52 : 4203360776110912.00000
53 : -8406721594255430.00000
54 : 16813443272578078.00000
55 : -33626886713290584.00000
56 : 67253773762850032.00000
57 : -134507548198237792.00000
58 : 269015097741551072.00000
59 : -538030198173253120.00000
60 : 1076060401726808192.00000
61 : -2152120814214220288.00000
62 : 4304241649949648384.00000
63 : -8608483342941713408.00000
64 : 17216966771968260096.00000
65 : -34433933716106186752.00000
66 : 68867867776551706624.00000
67 : -137735736241782079488.00000
68 : 275471473860921524224.00000
69 : -550942950476557778944.00000
70 : 1101885906462545018880.00000
71 : -2203771823943948959744.00000
72 : 4407543669925615763456.00000
73 : -8815087383926668263424.00000
74 : 17630174856004209999872.00000
75 : -35260349888310166945792.00000
76 : 70520700129223827783680.00000
77 : -141041400963654660128768.00000
78 : 282082803337723329380352.00000
79 : -564165609496274677006336.00000
80 : 1128331224634205390503936.00000
81 : -2256662460551722853990400.00000
82 : 4513324943670070390816768.00000
83 : -9026649932473390147305472.00000
84 : 18053299955213279025954816.00000
85 : -36106600090959555514597376.00000
86 : 72213200542985105954570240.00000
87 : -144426401808102218939760640.00000
88 : 288852805060468451940761600.00000
89 : -577705613009464932004003840.00000
90 : 1155411231795985920252968960.00000
91 : -2310822475146083952995860480.00000
92 : 4621644973400392680727379968.00000
93 : -9243289993017234910926077952.00000
94 : 18486580078467368920794791936.00000
95 : -36973160341800536039474855936.00000
96 : 73946321053332677270813278208.00000
97 : -147892642846128564925353689088.00000
98 : 295785287171183550618161643520.00000
99 : -591570577300219942771231817728.00000
[2_1.py:151] exec_prog => done

[2_1.py:164] all done
